{"/Users/alex/Documents/Workspaces/alanshaw/it-tar/src/extract-headers.ts": {"path":"/Users/alex/Documents/Workspaces/alanshaw/it-tar/src/extract-headers.ts","all":false,"statementMap":{"0":{"start":{"line":1,"column":0},"end":{"line":1,"column":65}},"1":{"start":{"line":2,"column":0},"end":{"line":2,"column":90}},"2":{"start":{"line":3,"column":0},"end":{"line":3,"column":76}},"3":{"start":{"line":4,"column":0},"end":{"line":4,"column":66}},"4":{"start":{"line":5,"column":0},"end":{"line":5,"column":39}},"5":{"start":{"line":6,"column":0},"end":{"line":6,"column":0}},"6":{"start":{"line":7,"column":0},"end":{"line":7,"column":37}},"7":{"start":{"line":8,"column":0},"end":{"line":8,"column":63}},"8":{"start":{"line":9,"column":0},"end":{"line":9,"column":61}},"9":{"start":{"line":10,"column":0},"end":{"line":10,"column":58}},"10":{"start":{"line":11,"column":0},"end":{"line":11,"column":24}},"11":{"start":{"line":12,"column":0},"end":{"line":12,"column":26}},"12":{"start":{"line":13,"column":0},"end":{"line":13,"column":0}},"13":{"start":{"line":14,"column":0},"end":{"line":14,"column":75}},"14":{"start":{"line":15,"column":0},"end":{"line":15,"column":52}},"15":{"start":{"line":16,"column":0},"end":{"line":16,"column":39}},"16":{"start":{"line":17,"column":0},"end":{"line":17,"column":30}},"17":{"start":{"line":18,"column":0},"end":{"line":18,"column":30}},"18":{"start":{"line":19,"column":0},"end":{"line":19,"column":14}},"19":{"start":{"line":20,"column":0},"end":{"line":20,"column":30}},"20":{"start":{"line":21,"column":0},"end":{"line":21,"column":10}},"21":{"start":{"line":22,"column":0},"end":{"line":22,"column":1}},"22":{"start":{"line":23,"column":0},"end":{"line":23,"column":0}},"23":{"start":{"line":24,"column":0},"end":{"line":24,"column":40}},"24":{"start":{"line":25,"column":0},"end":{"line":25,"column":17}},"25":{"start":{"line":26,"column":0},"end":{"line":26,"column":11}},"26":{"start":{"line":27,"column":0},"end":{"line":27,"column":19}},"27":{"start":{"line":28,"column":0},"end":{"line":28,"column":11}},"28":{"start":{"line":29,"column":0},"end":{"line":29,"column":19}},"29":{"start":{"line":30,"column":0},"end":{"line":30,"column":11}},"30":{"start":{"line":31,"column":0},"end":{"line":31,"column":22}},"31":{"start":{"line":32,"column":0},"end":{"line":32,"column":11}},"32":{"start":{"line":33,"column":0},"end":{"line":33,"column":31}},"33":{"start":{"line":34,"column":0},"end":{"line":34,"column":11}},"34":{"start":{"line":35,"column":0},"end":{"line":35,"column":27}},"35":{"start":{"line":36,"column":0},"end":{"line":36,"column":11}},"36":{"start":{"line":37,"column":0},"end":{"line":37,"column":24}},"37":{"start":{"line":38,"column":0},"end":{"line":38,"column":11}},"38":{"start":{"line":39,"column":0},"end":{"line":39,"column":19}},"39":{"start":{"line":40,"column":0},"end":{"line":40,"column":11}},"40":{"start":{"line":41,"column":0},"end":{"line":41,"column":30}},"41":{"start":{"line":42,"column":0},"end":{"line":42,"column":12}},"42":{"start":{"line":43,"column":0},"end":{"line":43,"column":25}},"43":{"start":{"line":44,"column":0},"end":{"line":44,"column":12}},"44":{"start":{"line":45,"column":0},"end":{"line":45,"column":32}},"45":{"start":{"line":46,"column":0},"end":{"line":46,"column":12}},"46":{"start":{"line":47,"column":0},"end":{"line":47,"column":33}},"47":{"start":{"line":48,"column":0},"end":{"line":48,"column":12}},"48":{"start":{"line":49,"column":0},"end":{"line":49,"column":12}},"49":{"start":{"line":50,"column":0},"end":{"line":50,"column":28}},"50":{"start":{"line":51,"column":0},"end":{"line":51,"column":12}},"51":{"start":{"line":52,"column":0},"end":{"line":52,"column":22}},"52":{"start":{"line":53,"column":0},"end":{"line":53,"column":3}},"53":{"start":{"line":54,"column":0},"end":{"line":54,"column":1}},"54":{"start":{"line":55,"column":0},"end":{"line":55,"column":0}},"55":{"start":{"line":56,"column":0},"end":{"line":56,"column":92}},"56":{"start":{"line":57,"column":0},"end":{"line":57,"column":34}},"57":{"start":{"line":58,"column":0},"end":{"line":58,"column":48}},"58":{"start":{"line":59,"column":0},"end":{"line":59,"column":3}},"59":{"start":{"line":60,"column":0},"end":{"line":60,"column":12}},"60":{"start":{"line":61,"column":0},"end":{"line":61,"column":1}},"61":{"start":{"line":62,"column":0},"end":{"line":62,"column":0}},"62":{"start":{"line":63,"column":0},"end":{"line":63,"column":48}},"63":{"start":{"line":64,"column":0},"end":{"line":64,"column":18}},"64":{"start":{"line":65,"column":0},"end":{"line":65,"column":51}},"65":{"start":{"line":66,"column":0},"end":{"line":66,"column":53}},"66":{"start":{"line":67,"column":0},"end":{"line":67,"column":12}},"67":{"start":{"line":68,"column":0},"end":{"line":68,"column":1}},"68":{"start":{"line":69,"column":0},"end":{"line":69,"column":0}},"69":{"start":{"line":70,"column":0},"end":{"line":70,"column":53}},"70":{"start":{"line":71,"column":0},"end":{"line":71,"column":30}},"71":{"start":{"line":72,"column":0},"end":{"line":72,"column":2}},"72":{"start":{"line":73,"column":0},"end":{"line":73,"column":107}},"73":{"start":{"line":74,"column":0},"end":{"line":74,"column":3}},"74":{"start":{"line":75,"column":0},"end":{"line":75,"column":49}},"75":{"start":{"line":76,"column":0},"end":{"line":76,"column":39}},"76":{"start":{"line":77,"column":0},"end":{"line":77,"column":37}},"77":{"start":{"line":78,"column":0},"end":{"line":78,"column":14}},"78":{"start":{"line":79,"column":0},"end":{"line":79,"column":28}},"79":{"start":{"line":80,"column":0},"end":{"line":80,"column":19}},"80":{"start":{"line":81,"column":0},"end":{"line":81,"column":35}},"81":{"start":{"line":82,"column":0},"end":{"line":82,"column":20}},"82":{"start":{"line":83,"column":0},"end":{"line":83,"column":10}},"83":{"start":{"line":84,"column":0},"end":{"line":84,"column":12}},"84":{"start":{"line":85,"column":0},"end":{"line":85,"column":3}},"85":{"start":{"line":86,"column":0},"end":{"line":86,"column":0}},"86":{"start":{"line":87,"column":0},"end":{"line":87,"column":64}},"87":{"start":{"line":88,"column":0},"end":{"line":88,"column":18}},"88":{"start":{"line":89,"column":0},"end":{"line":89,"column":18}},"89":{"start":{"line":90,"column":0},"end":{"line":90,"column":44}},"90":{"start":{"line":91,"column":0},"end":{"line":91,"column":27}},"91":{"start":{"line":92,"column":0},"end":{"line":92,"column":34}},"92":{"start":{"line":93,"column":0},"end":{"line":93,"column":46}},"93":{"start":{"line":94,"column":0},"end":{"line":94,"column":20}},"94":{"start":{"line":95,"column":0},"end":{"line":95,"column":18}},"95":{"start":{"line":96,"column":0},"end":{"line":96,"column":30}},"96":{"start":{"line":97,"column":0},"end":{"line":97,"column":34}},"97":{"start":{"line":98,"column":0},"end":{"line":98,"column":3}},"98":{"start":{"line":99,"column":0},"end":{"line":99,"column":0}},"99":{"start":{"line":100,"column":0},"end":{"line":100,"column":13}},"100":{"start":{"line":101,"column":0},"end":{"line":101,"column":24}},"101":{"start":{"line":102,"column":0},"end":{"line":102,"column":31}},"102":{"start":{"line":103,"column":0},"end":{"line":103,"column":38}},"103":{"start":{"line":104,"column":0},"end":{"line":104,"column":3}},"104":{"start":{"line":105,"column":0},"end":{"line":105,"column":0}},"105":{"start":{"line":106,"column":0},"end":{"line":106,"column":34}},"106":{"start":{"line":107,"column":0},"end":{"line":107,"column":1}},"107":{"start":{"line":108,"column":0},"end":{"line":108,"column":0}},"108":{"start":{"line":109,"column":0},"end":{"line":109,"column":90}},"109":{"start":{"line":110,"column":0},"end":{"line":110,"column":45}},"110":{"start":{"line":111,"column":0},"end":{"line":111,"column":12}},"111":{"start":{"line":112,"column":0},"end":{"line":112,"column":0}},"112":{"start":{"line":113,"column":0},"end":{"line":113,"column":59}},"113":{"start":{"line":114,"column":0},"end":{"line":114,"column":39}},"114":{"start":{"line":115,"column":0},"end":{"line":115,"column":24}},"115":{"start":{"line":116,"column":0},"end":{"line":116,"column":10}},"116":{"start":{"line":117,"column":0},"end":{"line":117,"column":51}},"117":{"start":{"line":118,"column":0},"end":{"line":118,"column":59}},"118":{"start":{"line":119,"column":0},"end":{"line":119,"column":14}},"119":{"start":{"line":120,"column":0},"end":{"line":120,"column":5}},"120":{"start":{"line":121,"column":0},"end":{"line":121,"column":0}},"121":{"start":{"line":122,"column":0},"end":{"line":122,"column":83}},"122":{"start":{"line":123,"column":0},"end":{"line":123,"column":0}},"123":{"start":{"line":124,"column":0},"end":{"line":124,"column":51}},"124":{"start":{"line":125,"column":0},"end":{"line":125,"column":14}},"125":{"start":{"line":126,"column":0},"end":{"line":126,"column":5}},"126":{"start":{"line":127,"column":0},"end":{"line":127,"column":0}},"127":{"start":{"line":128,"column":0},"end":{"line":128,"column":25}},"128":{"start":{"line":129,"column":0},"end":{"line":129,"column":14}},"129":{"start":{"line":130,"column":0},"end":{"line":130,"column":5}},"130":{"start":{"line":131,"column":0},"end":{"line":131,"column":0}},"131":{"start":{"line":132,"column":0},"end":{"line":132,"column":66}},"132":{"start":{"line":133,"column":0},"end":{"line":133,"column":3}},"133":{"start":{"line":134,"column":0},"end":{"line":134,"column":1}},"134":{"start":{"line":135,"column":0},"end":{"line":135,"column":0}},"135":{"start":{"line":136,"column":0},"end":{"line":136,"column":113}},"136":{"start":{"line":137,"column":0},"end":{"line":137,"column":98}},"137":{"start":{"line":138,"column":0},"end":{"line":138,"column":1}},"138":{"start":{"line":139,"column":0},"end":{"line":139,"column":0}},"139":{"start":{"line":140,"column":0},"end":{"line":140,"column":98}},"140":{"start":{"line":141,"column":0},"end":{"line":141,"column":68}},"141":{"start":{"line":142,"column":0},"end":{"line":142,"column":49}},"142":{"start":{"line":143,"column":0},"end":{"line":143,"column":1}},"143":{"start":{"line":144,"column":0},"end":{"line":144,"column":0}},"144":{"start":{"line":145,"column":0},"end":{"line":145,"column":93}},"145":{"start":{"line":146,"column":0},"end":{"line":146,"column":66}},"146":{"start":{"line":147,"column":0},"end":{"line":147,"column":43}},"147":{"start":{"line":148,"column":0},"end":{"line":148,"column":0}},"148":{"start":{"line":149,"column":0},"end":{"line":149,"column":27}},"149":{"start":{"line":150,"column":0},"end":{"line":150,"column":13}},"150":{"start":{"line":151,"column":0},"end":{"line":151,"column":50}},"151":{"start":{"line":152,"column":0},"end":{"line":152,"column":9}},"152":{"start":{"line":153,"column":0},"end":{"line":153,"column":5}},"153":{"start":{"line":154,"column":0},"end":{"line":154,"column":0}},"154":{"start":{"line":155,"column":0},"end":{"line":155,"column":66}},"155":{"start":{"line":156,"column":0},"end":{"line":156,"column":0}},"156":{"start":{"line":157,"column":0},"end":{"line":157,"column":20}},"157":{"start":{"line":158,"column":0},"end":{"line":158,"column":19}},"158":{"start":{"line":159,"column":0},"end":{"line":159,"column":5}},"159":{"start":{"line":160,"column":0},"end":{"line":160,"column":0}},"160":{"start":{"line":161,"column":0},"end":{"line":161,"column":70}},"161":{"start":{"line":162,"column":0},"end":{"line":162,"column":35}},"162":{"start":{"line":163,"column":0},"end":{"line":163,"column":0}},"163":{"start":{"line":164,"column":0},"end":{"line":164,"column":26}},"164":{"start":{"line":165,"column":0},"end":{"line":165,"column":19}},"165":{"start":{"line":166,"column":0},"end":{"line":166,"column":5}},"166":{"start":{"line":167,"column":0},"end":{"line":167,"column":0}},"167":{"start":{"line":168,"column":0},"end":{"line":168,"column":56}},"168":{"start":{"line":169,"column":0},"end":{"line":169,"column":29}},"169":{"start":{"line":170,"column":0},"end":{"line":170,"column":3}},"170":{"start":{"line":171,"column":0},"end":{"line":171,"column":0}},"171":{"start":{"line":172,"column":0},"end":{"line":172,"column":15}},"172":{"start":{"line":173,"column":0},"end":{"line":173,"column":1}},"173":{"start":{"line":174,"column":0},"end":{"line":174,"column":0}},"174":{"start":{"line":175,"column":0},"end":{"line":175,"column":121}},"175":{"start":{"line":176,"column":0},"end":{"line":176,"column":68}},"176":{"start":{"line":177,"column":0},"end":{"line":177,"column":70}},"177":{"start":{"line":178,"column":0},"end":{"line":178,"column":0}},"178":{"start":{"line":179,"column":0},"end":{"line":179,"column":54}},"179":{"start":{"line":180,"column":0},"end":{"line":180,"column":38}},"180":{"start":{"line":181,"column":0},"end":{"line":181,"column":37}},"181":{"start":{"line":182,"column":0},"end":{"line":182,"column":37}},"182":{"start":{"line":183,"column":0},"end":{"line":183,"column":39}},"183":{"start":{"line":184,"column":0},"end":{"line":184,"column":40}},"184":{"start":{"line":185,"column":0},"end":{"line":185,"column":31}},"185":{"start":{"line":186,"column":0},"end":{"line":186,"column":96}},"186":{"start":{"line":187,"column":0},"end":{"line":187,"column":40}},"187":{"start":{"line":188,"column":0},"end":{"line":188,"column":40}},"188":{"start":{"line":189,"column":0},"end":{"line":189,"column":42}},"189":{"start":{"line":190,"column":0},"end":{"line":190,"column":42}},"190":{"start":{"line":191,"column":0},"end":{"line":191,"column":0}},"191":{"start":{"line":192,"column":0},"end":{"line":192,"column":23}},"192":{"start":{"line":193,"column":0},"end":{"line":193,"column":0}},"193":{"start":{"line":194,"column":0},"end":{"line":194,"column":56}},"194":{"start":{"line":195,"column":0},"end":{"line":195,"column":21}},"195":{"start":{"line":196,"column":0},"end":{"line":196,"column":15}},"196":{"start":{"line":197,"column":0},"end":{"line":197,"column":3}},"197":{"start":{"line":198,"column":0},"end":{"line":198,"column":0}},"198":{"start":{"line":199,"column":0},"end":{"line":199,"column":19}},"199":{"start":{"line":200,"column":0},"end":{"line":200,"column":38}},"200":{"start":{"line":201,"column":0},"end":{"line":201,"column":98}},"201":{"start":{"line":202,"column":0},"end":{"line":202,"column":3}},"202":{"start":{"line":203,"column":0},"end":{"line":203,"column":0}},"203":{"start":{"line":204,"column":0},"end":{"line":204,"column":89}},"204":{"start":{"line":205,"column":0},"end":{"line":205,"column":28}},"205":{"start":{"line":206,"column":0},"end":{"line":206,"column":34}},"206":{"start":{"line":207,"column":0},"end":{"line":207,"column":30}},"207":{"start":{"line":208,"column":0},"end":{"line":208,"column":69}},"208":{"start":{"line":209,"column":0},"end":{"line":209,"column":5}},"209":{"start":{"line":210,"column":0},"end":{"line":210,"column":94}},"210":{"start":{"line":211,"column":0},"end":{"line":211,"column":96}},"211":{"start":{"line":212,"column":0},"end":{"line":212,"column":83}},"212":{"start":{"line":213,"column":0},"end":{"line":213,"column":29}},"213":{"start":{"line":214,"column":0},"end":{"line":214,"column":10}},"214":{"start":{"line":215,"column":0},"end":{"line":215,"column":58}},"215":{"start":{"line":216,"column":0},"end":{"line":216,"column":3}},"216":{"start":{"line":217,"column":0},"end":{"line":217,"column":0}},"217":{"start":{"line":218,"column":0},"end":{"line":218,"column":69}},"218":{"start":{"line":219,"column":0},"end":{"line":219,"column":72}},"219":{"start":{"line":220,"column":0},"end":{"line":220,"column":16}},"220":{"start":{"line":221,"column":0},"end":{"line":221,"column":3}},"221":{"start":{"line":222,"column":0},"end":{"line":222,"column":0}},"222":{"start":{"line":223,"column":0},"end":{"line":223,"column":10}},"223":{"start":{"line":224,"column":0},"end":{"line":224,"column":15}},"224":{"start":{"line":225,"column":0},"end":{"line":225,"column":15}},"225":{"start":{"line":226,"column":0},"end":{"line":226,"column":13}},"226":{"start":{"line":227,"column":0},"end":{"line":227,"column":13}},"227":{"start":{"line":228,"column":0},"end":{"line":228,"column":15}},"228":{"start":{"line":229,"column":0},"end":{"line":229,"column":41}},"229":{"start":{"line":230,"column":0},"end":{"line":230,"column":15}},"230":{"start":{"line":231,"column":0},"end":{"line":231,"column":23}},"231":{"start":{"line":232,"column":0},"end":{"line":232,"column":17}},"232":{"start":{"line":233,"column":0},"end":{"line":233,"column":17}},"233":{"start":{"line":234,"column":0},"end":{"line":234,"column":23}},"234":{"start":{"line":235,"column":0},"end":{"line":235,"column":22}},"235":{"start":{"line":236,"column":0},"end":{"line":236,"column":3}},"236":{"start":{"line":237,"column":0},"end":{"line":237,"column":1}}},"s":{"0":1,"1":1,"2":1,"3":1,"4":1,"5":1,"6":1,"7":1,"8":1,"9":1,"10":1,"11":1,"12":1,"13":1,"14":1257,"15":1257,"16":1257,"17":189,"18":1257,"19":1257,"20":1257,"21":1257,"22":1,"23":1,"24":176,"25":176,"26":168,"27":176,"28":0,"29":176,"30":1,"31":176,"32":0,"33":176,"34":0,"35":176,"36":1,"37":176,"38":0,"39":176,"40":0,"41":176,"42":4,"43":176,"44":0,"45":176,"46":0,"47":176,"48":176,"49":1,"50":176,"51":1,"52":176,"53":176,"54":1,"55":1,"56":1789,"57":13022,"58":13022,"59":1789,"60":1789,"61":1,"62":1,"63":176,"64":176,"65":176,"66":176,"67":176,"68":1,"69":1,"70":1,"71":1,"72":1,"73":1,"74":7,"75":7,"76":7,"77":7,"78":7,"79":3,"80":7,"81":0,"82":4,"83":4,"84":4,"85":3,"86":3,"87":3,"88":3,"89":7,"90":25,"91":25,"92":0,"93":0,"94":0,"95":0,"96":0,"97":25,"98":3,"99":3,"100":3,"101":7,"102":25,"103":25,"104":7,"105":7,"106":7,"107":1,"108":1,"109":1264,"110":1264,"111":1264,"112":1264,"113":1264,"114":7,"115":1264,"116":1257,"117":1257,"118":130,"119":130,"120":1257,"121":1257,"122":1257,"123":1257,"124":9320,"125":9320,"126":1257,"127":1257,"128":1028,"129":1028,"130":1257,"131":1257,"132":1257,"133":1264,"134":1,"135":1,"136":532,"137":532,"138":1,"139":1,"140":1,"141":1,"142":1,"143":1,"144":1,"145":4,"146":4,"147":4,"148":4,"149":16,"150":16,"151":32,"152":32,"153":16,"154":16,"155":16,"156":16,"157":0,"158":0,"159":16,"160":16,"161":16,"162":16,"163":16,"164":0,"165":0,"166":16,"167":16,"168":16,"169":16,"170":4,"171":4,"172":4,"173":1,"174":1,"175":176,"176":176,"177":176,"178":176,"179":176,"180":176,"181":176,"182":176,"183":176,"184":176,"185":176,"186":176,"187":176,"188":176,"189":176,"190":176,"191":176,"192":176,"193":176,"194":176,"195":144,"196":144,"197":176,"198":176,"199":176,"200":1,"201":1,"202":31,"203":176,"204":24,"205":24,"206":24,"207":1,"208":1,"209":176,"210":7,"211":6,"212":6,"213":7,"214":1,"215":1,"216":176,"217":176,"218":176,"219":0,"220":0,"221":30,"222":30,"223":30,"224":30,"225":30,"226":30,"227":30,"228":176,"229":176,"230":176,"231":176,"232":176,"233":176,"234":176,"235":176,"236":176},"branchMap":{"0":{"type":"branch","line":14,"loc":{"start":{"line":14,"column":14},"end":{"line":22,"column":1}},"locations":[{"start":{"line":14,"column":14},"end":{"line":22,"column":1}}]},"1":{"type":"branch","line":15,"loc":{"start":{"line":15,"column":33},"end":{"line":15,"column":52}},"locations":[{"start":{"line":15,"column":33},"end":{"line":15,"column":52}}]},"2":{"type":"branch","line":17,"loc":{"start":{"line":17,"column":20},"end":{"line":17,"column":30}},"locations":[{"start":{"line":17,"column":20},"end":{"line":17,"column":30}}]},"3":{"type":"branch","line":18,"loc":{"start":{"line":18,"column":-1},"end":{"line":18,"column":30}},"locations":[{"start":{"line":18,"column":-1},"end":{"line":18,"column":30}}]},"4":{"type":"branch","line":24,"loc":{"start":{"line":24,"column":15},"end":{"line":54,"column":1}},"locations":[{"start":{"line":24,"column":15},"end":{"line":54,"column":1}}]},"5":{"type":"branch","line":26,"loc":{"start":{"line":26,"column":4},"end":{"line":27,"column":19}},"locations":[{"start":{"line":26,"column":4},"end":{"line":27,"column":19}}]},"6":{"type":"branch","line":28,"loc":{"start":{"line":28,"column":4},"end":{"line":29,"column":19}},"locations":[{"start":{"line":28,"column":4},"end":{"line":29,"column":19}}]},"7":{"type":"branch","line":30,"loc":{"start":{"line":30,"column":4},"end":{"line":31,"column":22}},"locations":[{"start":{"line":30,"column":4},"end":{"line":31,"column":22}}]},"8":{"type":"branch","line":32,"loc":{"start":{"line":32,"column":4},"end":{"line":33,"column":31}},"locations":[{"start":{"line":32,"column":4},"end":{"line":33,"column":31}}]},"9":{"type":"branch","line":34,"loc":{"start":{"line":34,"column":4},"end":{"line":35,"column":27}},"locations":[{"start":{"line":34,"column":4},"end":{"line":35,"column":27}}]},"10":{"type":"branch","line":36,"loc":{"start":{"line":36,"column":4},"end":{"line":37,"column":24}},"locations":[{"start":{"line":36,"column":4},"end":{"line":37,"column":24}}]},"11":{"type":"branch","line":38,"loc":{"start":{"line":38,"column":4},"end":{"line":39,"column":19}},"locations":[{"start":{"line":38,"column":4},"end":{"line":39,"column":19}}]},"12":{"type":"branch","line":40,"loc":{"start":{"line":40,"column":4},"end":{"line":41,"column":30}},"locations":[{"start":{"line":40,"column":4},"end":{"line":41,"column":30}}]},"13":{"type":"branch","line":42,"loc":{"start":{"line":42,"column":4},"end":{"line":43,"column":25}},"locations":[{"start":{"line":42,"column":4},"end":{"line":43,"column":25}}]},"14":{"type":"branch","line":44,"loc":{"start":{"line":44,"column":4},"end":{"line":45,"column":32}},"locations":[{"start":{"line":44,"column":4},"end":{"line":45,"column":32}}]},"15":{"type":"branch","line":46,"loc":{"start":{"line":46,"column":4},"end":{"line":47,"column":33}},"locations":[{"start":{"line":46,"column":4},"end":{"line":47,"column":33}}]},"16":{"type":"branch","line":48,"loc":{"start":{"line":48,"column":4},"end":{"line":48,"column":12}},"locations":[{"start":{"line":48,"column":4},"end":{"line":48,"column":12}}]},"17":{"type":"branch","line":49,"loc":{"start":{"line":49,"column":4},"end":{"line":50,"column":28}},"locations":[{"start":{"line":49,"column":4},"end":{"line":50,"column":28}}]},"18":{"type":"branch","line":51,"loc":{"start":{"line":51,"column":4},"end":{"line":52,"column":22}},"locations":[{"start":{"line":51,"column":4},"end":{"line":52,"column":22}}]},"19":{"type":"branch","line":56,"loc":{"start":{"line":56,"column":16},"end":{"line":61,"column":1}},"locations":[{"start":{"line":56,"column":16},"end":{"line":61,"column":1}}]},"20":{"type":"branch","line":57,"loc":{"start":{"line":57,"column":33},"end":{"line":59,"column":3}},"locations":[{"start":{"line":57,"column":33},"end":{"line":59,"column":3}}]},"21":{"type":"branch","line":58,"loc":{"start":{"line":58,"column":35},"end":{"line":58,"column":48}},"locations":[{"start":{"line":58,"column":35},"end":{"line":58,"column":48}}]},"22":{"type":"branch","line":63,"loc":{"start":{"line":63,"column":14},"end":{"line":68,"column":1}},"locations":[{"start":{"line":63,"column":14},"end":{"line":68,"column":1}}]},"23":{"type":"branch","line":65,"loc":{"start":{"line":65,"column":32},"end":{"line":65,"column":51}},"locations":[{"start":{"line":65,"column":32},"end":{"line":65,"column":51}}]},"24":{"type":"branch","line":66,"loc":{"start":{"line":66,"column":34},"end":{"line":66,"column":53}},"locations":[{"start":{"line":66,"column":34},"end":{"line":66,"column":53}}]},"25":{"type":"branch","line":75,"loc":{"start":{"line":75,"column":0},"end":{"line":107,"column":1}},"locations":[{"start":{"line":75,"column":0},"end":{"line":107,"column":1}}]},"26":{"type":"branch","line":79,"loc":{"start":{"line":79,"column":27},"end":{"line":81,"column":9}},"locations":[{"start":{"line":79,"column":27},"end":{"line":81,"column":9}}]},"27":{"type":"branch","line":81,"loc":{"start":{"line":81,"column":3},"end":{"line":85,"column":3}},"locations":[{"start":{"line":81,"column":3},"end":{"line":85,"column":3}}]},"28":{"type":"branch","line":81,"loc":{"start":{"line":81,"column":34},"end":{"line":83,"column":9}},"locations":[{"start":{"line":81,"column":34},"end":{"line":83,"column":9}}]},"29":{"type":"branch","line":86,"loc":{"start":{"line":86,"column":-1},"end":{"line":90,"column":43}},"locations":[{"start":{"line":86,"column":-1},"end":{"line":90,"column":43}}]},"30":{"type":"branch","line":90,"loc":{"start":{"line":90,"column":43},"end":{"line":98,"column":3}},"locations":[{"start":{"line":90,"column":43},"end":{"line":98,"column":3}}]},"31":{"type":"branch","line":93,"loc":{"start":{"line":93,"column":-1},"end":{"line":97,"column":34}},"locations":[{"start":{"line":93,"column":-1},"end":{"line":97,"column":34}}]},"32":{"type":"branch","line":99,"loc":{"start":{"line":99,"column":-1},"end":{"line":102,"column":30}},"locations":[{"start":{"line":99,"column":-1},"end":{"line":102,"column":30}}]},"33":{"type":"branch","line":102,"loc":{"start":{"line":102,"column":30},"end":{"line":104,"column":3}},"locations":[{"start":{"line":102,"column":30},"end":{"line":104,"column":3}}]},"34":{"type":"branch","line":106,"loc":{"start":{"line":106,"column":24},"end":{"line":106,"column":34}},"locations":[{"start":{"line":106,"column":24},"end":{"line":106,"column":34}}]},"35":{"type":"branch","line":109,"loc":{"start":{"line":109,"column":18},"end":{"line":134,"column":1}},"locations":[{"start":{"line":109,"column":18},"end":{"line":134,"column":1}}]},"36":{"type":"branch","line":114,"loc":{"start":{"line":114,"column":38},"end":{"line":116,"column":9}},"locations":[{"start":{"line":114,"column":38},"end":{"line":116,"column":9}}]},"37":{"type":"branch","line":116,"loc":{"start":{"line":116,"column":3},"end":{"line":133,"column":3}},"locations":[{"start":{"line":116,"column":3},"end":{"line":133,"column":3}}]},"38":{"type":"branch","line":118,"loc":{"start":{"line":118,"column":30},"end":{"line":118,"column":56}},"locations":[{"start":{"line":118,"column":30},"end":{"line":118,"column":56}}]},"39":{"type":"branch","line":118,"loc":{"start":{"line":118,"column":58},"end":{"line":120,"column":5}},"locations":[{"start":{"line":118,"column":58},"end":{"line":120,"column":5}}]},"40":{"type":"branch","line":124,"loc":{"start":{"line":124,"column":23},"end":{"line":124,"column":48}},"locations":[{"start":{"line":124,"column":23},"end":{"line":124,"column":48}}]},"41":{"type":"branch","line":124,"loc":{"start":{"line":124,"column":50},"end":{"line":126,"column":5}},"locations":[{"start":{"line":124,"column":50},"end":{"line":126,"column":5}}]},"42":{"type":"branch","line":128,"loc":{"start":{"line":128,"column":24},"end":{"line":130,"column":5}},"locations":[{"start":{"line":128,"column":24},"end":{"line":130,"column":5}}]},"43":{"type":"branch","line":136,"loc":{"start":{"line":136,"column":18},"end":{"line":138,"column":1}},"locations":[{"start":{"line":136,"column":18},"end":{"line":138,"column":1}}]},"44":{"type":"branch","line":140,"loc":{"start":{"line":140,"column":6},"end":{"line":143,"column":1}},"locations":[{"start":{"line":140,"column":6},"end":{"line":143,"column":1}}]},"45":{"type":"branch","line":141,"loc":{"start":{"line":141,"column":43},"end":{"line":141,"column":68}},"locations":[{"start":{"line":141,"column":43},"end":{"line":141,"column":68}}]},"46":{"type":"branch","line":145,"loc":{"start":{"line":145,"column":6},"end":{"line":173,"column":1}},"locations":[{"start":{"line":145,"column":6},"end":{"line":173,"column":1}}]},"47":{"type":"branch","line":146,"loc":{"start":{"line":146,"column":41},"end":{"line":146,"column":66}},"locations":[{"start":{"line":146,"column":41},"end":{"line":146,"column":66}}]},"48":{"type":"branch","line":149,"loc":{"start":{"line":149,"column":26},"end":{"line":170,"column":3}},"locations":[{"start":{"line":149,"column":26},"end":{"line":170,"column":3}}]},"49":{"type":"branch","line":151,"loc":{"start":{"line":151,"column":25},"end":{"line":151,"column":47}},"locations":[{"start":{"line":151,"column":25},"end":{"line":151,"column":47}}]},"50":{"type":"branch","line":151,"loc":{"start":{"line":151,"column":49},"end":{"line":153,"column":5}},"locations":[{"start":{"line":151,"column":49},"end":{"line":153,"column":5}}]},"51":{"type":"branch","line":157,"loc":{"start":{"line":157,"column":19},"end":{"line":159,"column":5}},"locations":[{"start":{"line":157,"column":19},"end":{"line":159,"column":5}}]},"52":{"type":"branch","line":164,"loc":{"start":{"line":164,"column":25},"end":{"line":166,"column":5}},"locations":[{"start":{"line":164,"column":25},"end":{"line":166,"column":5}}]},"53":{"type":"branch","line":175,"loc":{"start":{"line":175,"column":6},"end":{"line":237,"column":1}},"locations":[{"start":{"line":175,"column":6},"end":{"line":237,"column":1}}]},"54":{"type":"branch","line":176,"loc":{"start":{"line":176,"column":43},"end":{"line":176,"column":68}},"locations":[{"start":{"line":176,"column":43},"end":{"line":176,"column":68}}]},"55":{"type":"branch","line":177,"loc":{"start":{"line":177,"column":37},"end":{"line":177,"column":40}},"locations":[{"start":{"line":177,"column":37},"end":{"line":177,"column":40}}]},"56":{"type":"branch","line":177,"loc":{"start":{"line":177,"column":41},"end":{"line":177,"column":70}},"locations":[{"start":{"line":177,"column":41},"end":{"line":177,"column":70}}]},"57":{"type":"branch","line":186,"loc":{"start":{"line":186,"column":39},"end":{"line":186,"column":50}},"locations":[{"start":{"line":186,"column":39},"end":{"line":186,"column":50}}]},"58":{"type":"branch","line":186,"loc":{"start":{"line":186,"column":51},"end":{"line":186,"column":96}},"locations":[{"start":{"line":186,"column":51},"end":{"line":186,"column":96}}]},"59":{"type":"branch","line":195,"loc":{"start":{"line":195,"column":20},"end":{"line":197,"column":3}},"locations":[{"start":{"line":195,"column":20},"end":{"line":197,"column":3}}]},"60":{"type":"branch","line":200,"loc":{"start":{"line":200,"column":37},"end":{"line":202,"column":3}},"locations":[{"start":{"line":200,"column":37},"end":{"line":202,"column":3}}]},"61":{"type":"branch","line":203,"loc":{"start":{"line":203,"column":-1},"end":{"line":204,"column":88}},"locations":[{"start":{"line":203,"column":-1},"end":{"line":204,"column":88}}]},"62":{"type":"branch","line":204,"loc":{"start":{"line":204,"column":88},"end":{"line":210,"column":9}},"locations":[{"start":{"line":204,"column":88},"end":{"line":210,"column":9}}]},"63":{"type":"branch","line":207,"loc":{"start":{"line":207,"column":29},"end":{"line":209,"column":5}},"locations":[{"start":{"line":207,"column":29},"end":{"line":209,"column":5}}]},"64":{"type":"branch","line":210,"loc":{"start":{"line":210,"column":3},"end":{"line":216,"column":3}},"locations":[{"start":{"line":210,"column":3},"end":{"line":216,"column":3}}]},"65":{"type":"branch","line":210,"loc":{"start":{"line":210,"column":91},"end":{"line":211,"column":93}},"locations":[{"start":{"line":210,"column":91},"end":{"line":211,"column":93}}]},"66":{"type":"branch","line":211,"loc":{"start":{"line":211,"column":95},"end":{"line":214,"column":9}},"locations":[{"start":{"line":211,"column":95},"end":{"line":214,"column":9}}]},"67":{"type":"branch","line":214,"loc":{"start":{"line":214,"column":3},"end":{"line":216,"column":3}},"locations":[{"start":{"line":214,"column":3},"end":{"line":216,"column":3}}]},"68":{"type":"branch","line":219,"loc":{"start":{"line":219,"column":20},"end":{"line":219,"column":36}},"locations":[{"start":{"line":219,"column":20},"end":{"line":219,"column":36}}]},"69":{"type":"branch","line":219,"loc":{"start":{"line":219,"column":36},"end":{"line":219,"column":69}},"locations":[{"start":{"line":219,"column":36},"end":{"line":219,"column":69}}]},"70":{"type":"branch","line":219,"loc":{"start":{"line":219,"column":71},"end":{"line":221,"column":3}},"locations":[{"start":{"line":219,"column":71},"end":{"line":221,"column":3}}]},"71":{"type":"branch","line":222,"loc":{"start":{"line":222,"column":-1},"end":{"line":229,"column":37}},"locations":[{"start":{"line":222,"column":-1},"end":{"line":229,"column":37}}]},"72":{"type":"branch","line":229,"loc":{"start":{"line":229,"column":33},"end":{"line":229,"column":38}},"locations":[{"start":{"line":229,"column":33},"end":{"line":229,"column":38}}]}},"b":{"0":[1257],"1":[0],"2":[1068],"3":[189],"4":[176],"5":[168],"6":[0],"7":[1],"8":[0],"9":[0],"10":[1],"11":[0],"12":[0],"13":[4],"14":[0],"15":[0],"16":[1],"17":[1],"18":[1],"19":[1789],"20":[13022],"21":[716],"22":[176],"23":[26048],"24":[62656],"25":[7],"26":[3],"27":[4],"28":[0],"29":[3],"30":[25],"31":[0],"32":[3],"33":[25],"34":[0],"35":[1264],"36":[7],"37":[1257],"38":[1387],"39":[130],"40":[9549],"41":[9320],"42":[1028],"43":[532],"44":[1],"45":[0],"46":[4],"47":[0],"48":[16],"49":[48],"50":[32],"51":[0],"52":[0],"53":[176],"54":[0],"55":[145],"56":[31],"57":[174],"58":[2],"59":[144],"60":[1],"61":[31],"62":[24],"63":[1],"64":[7],"65":[6],"66":[6],"67":[1],"68":[23],"69":[23],"70":[0],"71":[30],"72":[0]},"fnMap":{"0":{"name":"clamp","decl":{"start":{"line":14,"column":14},"end":{"line":22,"column":1}},"loc":{"start":{"line":14,"column":14},"end":{"line":22,"column":1}},"line":14},"1":{"name":"toType","decl":{"start":{"line":24,"column":15},"end":{"line":54,"column":1}},"loc":{"start":{"line":24,"column":15},"end":{"line":54,"column":1}},"line":24},"2":{"name":"indexOf","decl":{"start":{"line":56,"column":16},"end":{"line":61,"column":1}},"loc":{"start":{"line":56,"column":16},"end":{"line":61,"column":1}},"line":56},"3":{"name":"cksum","decl":{"start":{"line":63,"column":14},"end":{"line":68,"column":1}},"loc":{"start":{"line":63,"column":14},"end":{"line":68,"column":1}},"line":63},"4":{"name":"parse256","decl":{"start":{"line":75,"column":0},"end":{"line":107,"column":1}},"loc":{"start":{"line":75,"column":0},"end":{"line":107,"column":1}},"line":75},"5":{"name":"decodeOct","decl":{"start":{"line":109,"column":18},"end":{"line":134,"column":1}},"loc":{"start":{"line":109,"column":18},"end":{"line":134,"column":1}},"line":109},"6":{"name":"decodeStr","decl":{"start":{"line":136,"column":18},"end":{"line":138,"column":1}},"loc":{"start":{"line":136,"column":18},"end":{"line":138,"column":1}},"line":136},"7":{"name":"decodeLongPath","decl":{"start":{"line":140,"column":6},"end":{"line":143,"column":1}},"loc":{"start":{"line":140,"column":6},"end":{"line":143,"column":1}},"line":140},"8":{"name":"decodePax","decl":{"start":{"line":145,"column":6},"end":{"line":173,"column":1}},"loc":{"start":{"line":145,"column":6},"end":{"line":173,"column":1}},"line":145},"9":{"name":"decode","decl":{"start":{"line":175,"column":6},"end":{"line":237,"column":1}},"loc":{"start":{"line":175,"column":6},"end":{"line":237,"column":1}},"line":175}},"f":{"0":1257,"1":176,"2":1789,"3":176,"4":7,"5":1264,"6":532,"7":1,"8":4,"9":176}}
,"/Users/alex/Documents/Workspaces/alanshaw/it-tar/src/extract.ts": {"path":"/Users/alex/Documents/Workspaces/alanshaw/it-tar/src/extract.ts","all":false,"statementMap":{"0":{"start":{"line":1,"column":0},"end":{"line":1,"column":56}},"1":{"start":{"line":2,"column":0},"end":{"line":2,"column":27}},"2":{"start":{"line":3,"column":0},"end":{"line":3,"column":52}},"3":{"start":{"line":4,"column":0},"end":{"line":4,"column":63}},"4":{"start":{"line":5,"column":0},"end":{"line":5,"column":47}},"5":{"start":{"line":6,"column":0},"end":{"line":6,"column":43}},"6":{"start":{"line":7,"column":0},"end":{"line":7,"column":48}},"7":{"start":{"line":8,"column":0},"end":{"line":8,"column":42}},"8":{"start":{"line":9,"column":0},"end":{"line":9,"column":0}},"9":{"start":{"line":10,"column":0},"end":{"line":10,"column":36}},"10":{"start":{"line":11,"column":0},"end":{"line":11,"column":13}},"11":{"start":{"line":12,"column":0},"end":{"line":12,"column":0}},"12":{"start":{"line":13,"column":0},"end":{"line":13,"column":19}},"13":{"start":{"line":14,"column":0},"end":{"line":14,"column":21}},"14":{"start":{"line":15,"column":0},"end":{"line":15,"column":3}},"15":{"start":{"line":16,"column":0},"end":{"line":16,"column":0}},"16":{"start":{"line":17,"column":0},"end":{"line":17,"column":10}},"17":{"start":{"line":18,"column":0},"end":{"line":18,"column":1}},"18":{"start":{"line":19,"column":0},"end":{"line":19,"column":0}},"19":{"start":{"line":20,"column":0},"end":{"line":20,"column":65}},"20":{"start":{"line":21,"column":0},"end":{"line":21,"column":35}},"21":{"start":{"line":22,"column":0},"end":{"line":22,"column":21}},"22":{"start":{"line":23,"column":0},"end":{"line":23,"column":31}},"23":{"start":{"line":24,"column":0},"end":{"line":24,"column":3}},"24":{"start":{"line":25,"column":0},"end":{"line":25,"column":1}},"25":{"start":{"line":26,"column":0},"end":{"line":26,"column":0}},"26":{"start":{"line":27,"column":0},"end":{"line":27,"column":33}},"27":{"start":{"line":28,"column":0},"end":{"line":28,"column":24}},"28":{"start":{"line":29,"column":0},"end":{"line":29,"column":39}},"29":{"start":{"line":30,"column":0},"end":{"line":30,"column":1}},"30":{"start":{"line":31,"column":0},"end":{"line":31,"column":0}},"31":{"start":{"line":32,"column":0},"end":{"line":32,"column":23}},"32":{"start":{"line":33,"column":0},"end":{"line":33,"column":13}},"33":{"start":{"line":34,"column":0},"end":{"line":34,"column":26}},"34":{"start":{"line":35,"column":0},"end":{"line":35,"column":1}},"35":{"start":{"line":36,"column":0},"end":{"line":36,"column":0}},"36":{"start":{"line":37,"column":0},"end":{"line":37,"column":89}},"37":{"start":{"line":38,"column":0},"end":{"line":38,"column":60}},"38":{"start":{"line":39,"column":0},"end":{"line":39,"column":0}},"39":{"start":{"line":40,"column":0},"end":{"line":40,"column":90}},"40":{"start":{"line":41,"column":0},"end":{"line":41,"column":36}},"41":{"start":{"line":42,"column":0},"end":{"line":42,"column":52}},"42":{"start":{"line":43,"column":0},"end":{"line":43,"column":0}},"43":{"start":{"line":44,"column":0},"end":{"line":44,"column":9}},"44":{"start":{"line":45,"column":0},"end":{"line":45,"column":20}},"45":{"start":{"line":46,"column":0},"end":{"line":46,"column":39}},"46":{"start":{"line":47,"column":0},"end":{"line":47,"column":13}},"47":{"start":{"line":48,"column":0},"end":{"line":48,"column":47}},"48":{"start":{"line":49,"column":0},"end":{"line":49,"column":0}},"49":{"start":{"line":50,"column":0},"end":{"line":50,"column":37}},"50":{"start":{"line":51,"column":0},"end":{"line":51,"column":18}},"51":{"start":{"line":52,"column":0},"end":{"line":52,"column":11}},"52":{"start":{"line":53,"column":0},"end":{"line":53,"column":0}},"53":{"start":{"line":54,"column":0},"end":{"line":54,"column":36}},"54":{"start":{"line":55,"column":0},"end":{"line":55,"column":28}},"55":{"start":{"line":56,"column":0},"end":{"line":56,"column":50}},"56":{"start":{"line":57,"column":0},"end":{"line":57,"column":46}},"57":{"start":{"line":58,"column":0},"end":{"line":58,"column":18}},"58":{"start":{"line":59,"column":0},"end":{"line":59,"column":11}},"59":{"start":{"line":60,"column":0},"end":{"line":60,"column":0}},"60":{"start":{"line":61,"column":0},"end":{"line":61,"column":19}},"61":{"start":{"line":62,"column":0},"end":{"line":62,"column":9}},"62":{"start":{"line":63,"column":0},"end":{"line":63,"column":0}},"63":{"start":{"line":64,"column":0},"end":{"line":64,"column":76}},"64":{"start":{"line":65,"column":0},"end":{"line":65,"column":29}},"65":{"start":{"line":66,"column":0},"end":{"line":66,"column":18}},"66":{"start":{"line":67,"column":0},"end":{"line":67,"column":9}},"67":{"start":{"line":68,"column":0},"end":{"line":68,"column":0}},"68":{"start":{"line":69,"column":0},"end":{"line":69,"column":46}},"69":{"start":{"line":70,"column":0},"end":{"line":70,"column":82}},"70":{"start":{"line":71,"column":0},"end":{"line":71,"column":58}},"71":{"start":{"line":72,"column":0},"end":{"line":72,"column":18}},"72":{"start":{"line":73,"column":0},"end":{"line":73,"column":11}},"73":{"start":{"line":74,"column":0},"end":{"line":74,"column":90}},"74":{"start":{"line":75,"column":0},"end":{"line":75,"column":51}},"75":{"start":{"line":76,"column":0},"end":{"line":76,"column":18}},"76":{"start":{"line":77,"column":0},"end":{"line":77,"column":9}},"77":{"start":{"line":78,"column":0},"end":{"line":78,"column":0}},"78":{"start":{"line":79,"column":0},"end":{"line":79,"column":51}},"79":{"start":{"line":80,"column":0},"end":{"line":80,"column":86}},"80":{"start":{"line":81,"column":0},"end":{"line":81,"column":62}},"81":{"start":{"line":82,"column":0},"end":{"line":82,"column":18}},"82":{"start":{"line":83,"column":0},"end":{"line":83,"column":11}},"83":{"start":{"line":84,"column":0},"end":{"line":84,"column":98}},"84":{"start":{"line":85,"column":0},"end":{"line":85,"column":51}},"85":{"start":{"line":86,"column":0},"end":{"line":86,"column":18}},"86":{"start":{"line":87,"column":0},"end":{"line":87,"column":9}},"87":{"start":{"line":88,"column":0},"end":{"line":88,"column":0}},"88":{"start":{"line":89,"column":0},"end":{"line":89,"column":50}},"89":{"start":{"line":90,"column":0},"end":{"line":90,"column":80}},"90":{"start":{"line":91,"column":0},"end":{"line":91,"column":56}},"91":{"start":{"line":92,"column":0},"end":{"line":92,"column":18}},"92":{"start":{"line":93,"column":0},"end":{"line":93,"column":11}},"93":{"start":{"line":94,"column":0},"end":{"line":94,"column":81}},"94":{"start":{"line":95,"column":0},"end":{"line":95,"column":51}},"95":{"start":{"line":96,"column":0},"end":{"line":96,"column":18}},"96":{"start":{"line":97,"column":0},"end":{"line":97,"column":9}},"97":{"start":{"line":98,"column":0},"end":{"line":98,"column":0}},"98":{"start":{"line":99,"column":0},"end":{"line":99,"column":43}},"99":{"start":{"line":100,"column":0},"end":{"line":100,"column":74}},"100":{"start":{"line":101,"column":0},"end":{"line":101,"column":50}},"101":{"start":{"line":102,"column":0},"end":{"line":102,"column":18}},"102":{"start":{"line":103,"column":0},"end":{"line":103,"column":11}},"103":{"start":{"line":104,"column":0},"end":{"line":104,"column":69}},"104":{"start":{"line":105,"column":0},"end":{"line":105,"column":34}},"105":{"start":{"line":106,"column":0},"end":{"line":106,"column":42}},"106":{"start":{"line":107,"column":0},"end":{"line":107,"column":11}},"107":{"start":{"line":108,"column":0},"end":{"line":108,"column":51}},"108":{"start":{"line":109,"column":0},"end":{"line":109,"column":18}},"109":{"start":{"line":110,"column":0},"end":{"line":110,"column":9}},"110":{"start":{"line":111,"column":0},"end":{"line":111,"column":0}},"111":{"start":{"line":112,"column":0},"end":{"line":112,"column":34}},"112":{"start":{"line":113,"column":0},"end":{"line":113,"column":35}},"113":{"start":{"line":114,"column":0},"end":{"line":114,"column":28}},"114":{"start":{"line":115,"column":0},"end":{"line":115,"column":9}},"115":{"start":{"line":116,"column":0},"end":{"line":116,"column":0}},"116":{"start":{"line":117,"column":0},"end":{"line":117,"column":38}},"117":{"start":{"line":118,"column":0},"end":{"line":118,"column":43}},"118":{"start":{"line":119,"column":0},"end":{"line":119,"column":32}},"119":{"start":{"line":120,"column":0},"end":{"line":120,"column":9}},"120":{"start":{"line":121,"column":0},"end":{"line":121,"column":0}},"121":{"start":{"line":122,"column":0},"end":{"line":122,"column":26}},"122":{"start":{"line":123,"column":0},"end":{"line":123,"column":33}},"123":{"start":{"line":124,"column":0},"end":{"line":124,"column":34}},"124":{"start":{"line":125,"column":0},"end":{"line":125,"column":11}},"125":{"start":{"line":126,"column":0},"end":{"line":126,"column":0}},"126":{"start":{"line":127,"column":0},"end":{"line":127,"column":37}},"127":{"start":{"line":128,"column":0},"end":{"line":128,"column":42}},"128":{"start":{"line":129,"column":0},"end":{"line":129,"column":11}},"129":{"start":{"line":130,"column":0},"end":{"line":130,"column":0}},"130":{"start":{"line":131,"column":0},"end":{"line":131,"column":33}},"131":{"start":{"line":132,"column":0},"end":{"line":132,"column":48}},"132":{"start":{"line":133,"column":0},"end":{"line":133,"column":11}},"133":{"start":{"line":134,"column":0},"end":{"line":134,"column":0}},"134":{"start":{"line":135,"column":0},"end":{"line":135,"column":26}},"135":{"start":{"line":136,"column":0},"end":{"line":136,"column":20}},"136":{"start":{"line":137,"column":0},"end":{"line":137,"column":9}},"137":{"start":{"line":138,"column":0},"end":{"line":138,"column":0}},"138":{"start":{"line":139,"column":0},"end":{"line":139,"column":86}},"139":{"start":{"line":140,"column":0},"end":{"line":140,"column":60}},"140":{"start":{"line":141,"column":0},"end":{"line":141,"column":18}},"141":{"start":{"line":142,"column":0},"end":{"line":142,"column":9}},"142":{"start":{"line":143,"column":0},"end":{"line":143,"column":0}},"143":{"start":{"line":144,"column":0},"end":{"line":144,"column":40}},"144":{"start":{"line":145,"column":0},"end":{"line":145,"column":36}},"145":{"start":{"line":146,"column":0},"end":{"line":146,"column":0}},"146":{"start":{"line":147,"column":0},"end":{"line":147,"column":36}},"147":{"start":{"line":148,"column":0},"end":{"line":148,"column":80}},"148":{"start":{"line":149,"column":0},"end":{"line":149,"column":49}},"149":{"start":{"line":150,"column":0},"end":{"line":150,"column":108}},"150":{"start":{"line":151,"column":0},"end":{"line":151,"column":49}},"151":{"start":{"line":152,"column":0},"end":{"line":152,"column":0}},"152":{"start":{"line":153,"column":0},"end":{"line":153,"column":35}},"153":{"start":{"line":154,"column":0},"end":{"line":154,"column":32}},"154":{"start":{"line":155,"column":0},"end":{"line":155,"column":9}},"155":{"start":{"line":156,"column":0},"end":{"line":156,"column":0}},"156":{"start":{"line":157,"column":0},"end":{"line":157,"column":70}},"157":{"start":{"line":158,"column":0},"end":{"line":158,"column":15}},"158":{"start":{"line":159,"column":0},"end":{"line":159,"column":42}},"159":{"start":{"line":160,"column":0},"end":{"line":160,"column":0}},"160":{"start":{"line":161,"column":0},"end":{"line":161,"column":40}},"161":{"start":{"line":162,"column":0},"end":{"line":162,"column":74}},"162":{"start":{"line":163,"column":0},"end":{"line":163,"column":0}},"163":{"start":{"line":164,"column":0},"end":{"line":164,"column":34}},"164":{"start":{"line":165,"column":0},"end":{"line":165,"column":34}},"165":{"start":{"line":166,"column":0},"end":{"line":166,"column":22}},"166":{"start":{"line":167,"column":0},"end":{"line":167,"column":15}},"167":{"start":{"line":168,"column":0},"end":{"line":168,"column":0}},"168":{"start":{"line":169,"column":0},"end":{"line":169,"column":44}},"169":{"start":{"line":170,"column":0},"end":{"line":170,"column":0}},"170":{"start":{"line":171,"column":0},"end":{"line":171,"column":33}},"171":{"start":{"line":172,"column":0},"end":{"line":172,"column":13}},"172":{"start":{"line":173,"column":0},"end":{"line":173,"column":21}},"173":{"start":{"line":174,"column":0},"end":{"line":174,"column":34}},"174":{"start":{"line":175,"column":0},"end":{"line":175,"column":11}},"175":{"start":{"line":176,"column":0},"end":{"line":176,"column":12}},"176":{"start":{"line":177,"column":0},"end":{"line":177,"column":0}},"177":{"start":{"line":178,"column":0},"end":{"line":178,"column":30}},"178":{"start":{"line":179,"column":0},"end":{"line":179,"column":0}},"179":{"start":{"line":180,"column":0},"end":{"line":180,"column":43}},"180":{"start":{"line":181,"column":0},"end":{"line":181,"column":34}},"181":{"start":{"line":182,"column":0},"end":{"line":182,"column":0}},"182":{"start":{"line":183,"column":0},"end":{"line":183,"column":56}},"183":{"start":{"line":184,"column":0},"end":{"line":184,"column":33}},"184":{"start":{"line":185,"column":0},"end":{"line":185,"column":121}},"185":{"start":{"line":186,"column":0},"end":{"line":186,"column":9}},"186":{"start":{"line":187,"column":0},"end":{"line":187,"column":0}},"187":{"start":{"line":188,"column":0},"end":{"line":188,"column":49}},"188":{"start":{"line":189,"column":0},"end":{"line":189,"column":7}},"189":{"start":{"line":190,"column":0},"end":{"line":190,"column":15}},"190":{"start":{"line":191,"column":0},"end":{"line":191,"column":27}},"191":{"start":{"line":192,"column":0},"end":{"line":192,"column":5}},"192":{"start":{"line":193,"column":0},"end":{"line":193,"column":3}},"193":{"start":{"line":194,"column":0},"end":{"line":194,"column":1}}},"s":{"0":1,"1":1,"2":1,"3":1,"4":1,"5":1,"6":1,"7":1,"8":1,"9":28,"10":28,"11":28,"12":28,"13":27,"14":27,"15":28,"16":28,"17":28,"18":1,"19":28,"20":28,"21":28,"22":27,"23":27,"24":28,"25":1,"26":1,"27":1,"28":1,"29":1,"30":1,"31":1,"32":1,"33":1,"34":1,"35":1,"36":1,"37":21,"38":21,"39":21,"40":21,"41":21,"42":21,"43":21,"44":21,"45":194,"46":194,"47":194,"48":194,"49":194,"50":0,"51":0,"52":176,"53":176,"54":194,"55":18,"56":18,"57":18,"58":18,"59":18,"60":18,"61":18,"62":194,"63":194,"64":194,"65":144,"66":144,"67":30,"68":194,"69":1,"70":1,"71":0,"72":0,"73":1,"74":1,"75":1,"76":1,"77":194,"78":194,"79":0,"80":0,"81":0,"82":0,"83":0,"84":0,"85":0,"86":0,"87":194,"88":194,"89":0,"90":0,"91":0,"92":0,"93":0,"94":0,"95":0,"96":0,"97":194,"98":194,"99":4,"100":4,"101":0,"102":0,"103":4,"104":4,"105":0,"106":0,"107":4,"108":4,"109":4,"110":25,"111":194,"112":1,"113":1,"114":1,"115":194,"116":194,"117":0,"118":0,"119":0,"120":194,"121":194,"122":4,"123":3,"124":3,"125":4,"126":4,"127":0,"128":0,"129":4,"130":4,"131":1,"132":1,"133":4,"134":4,"135":4,"136":4,"137":25,"138":194,"139":2,"140":2,"141":2,"142":23,"143":23,"144":23,"145":23,"146":23,"147":23,"148":23,"149":194,"150":23,"151":23,"152":194,"153":22,"154":22,"155":194,"156":194,"157":23,"158":23,"159":16,"160":23,"161":537522,"162":537522,"163":537522,"164":0,"165":0,"166":0,"167":537522,"168":537522,"169":537522,"170":537522,"171":537522,"172":23,"173":16,"174":16,"175":194,"176":194,"177":194,"178":194,"179":194,"180":194,"181":194,"182":194,"183":194,"184":0,"185":0,"186":23,"187":23,"188":194,"189":21,"190":21,"191":21,"192":21,"193":21},"branchMap":{"0":{"type":"branch","line":10,"loc":{"start":{"line":10,"column":0},"end":{"line":18,"column":1}},"locations":[{"start":{"line":10,"column":0},"end":{"line":18,"column":1}}]},"1":{"type":"branch","line":13,"loc":{"start":{"line":13,"column":18},"end":{"line":15,"column":3}},"locations":[{"start":{"line":13,"column":18},"end":{"line":15,"column":3}}]},"2":{"type":"branch","line":20,"loc":{"start":{"line":20,"column":0},"end":{"line":25,"column":1}},"locations":[{"start":{"line":20,"column":0},"end":{"line":25,"column":1}}]},"3":{"type":"branch","line":22,"loc":{"start":{"line":22,"column":20},"end":{"line":24,"column":3}},"locations":[{"start":{"line":22,"column":20},"end":{"line":24,"column":3}}]},"4":{"type":"branch","line":37,"loc":{"start":{"line":37,"column":6},"end":{"line":194,"column":1}},"locations":[{"start":{"line":37,"column":6},"end":{"line":194,"column":1}}]},"5":{"type":"branch","line":40,"loc":{"start":{"line":40,"column":9},"end":{"line":193,"column":3}},"locations":[{"start":{"line":40,"column":9},"end":{"line":193,"column":3}}]},"6":{"type":"branch","line":45,"loc":{"start":{"line":45,"column":19},"end":{"line":189,"column":7}},"locations":[{"start":{"line":45,"column":19},"end":{"line":189,"column":7}}]},"7":{"type":"branch","line":50,"loc":{"start":{"line":50,"column":36},"end":{"line":52,"column":11}},"locations":[{"start":{"line":50,"column":36},"end":{"line":52,"column":11}}]},"8":{"type":"branch","line":53,"loc":{"start":{"line":53,"column":-1},"end":{"line":55,"column":17}},"locations":[{"start":{"line":53,"column":-1},"end":{"line":55,"column":17}}]},"9":{"type":"branch","line":55,"loc":{"start":{"line":55,"column":10},"end":{"line":62,"column":9}},"locations":[{"start":{"line":55,"column":10},"end":{"line":62,"column":9}}]},"10":{"type":"branch","line":65,"loc":{"start":{"line":65,"column":28},"end":{"line":67,"column":9}},"locations":[{"start":{"line":65,"column":28},"end":{"line":67,"column":9}}]},"11":{"type":"branch","line":68,"loc":{"start":{"line":68,"column":-1},"end":{"line":69,"column":45}},"locations":[{"start":{"line":68,"column":-1},"end":{"line":69,"column":45}}]},"12":{"type":"branch","line":69,"loc":{"start":{"line":69,"column":45},"end":{"line":77,"column":9}},"locations":[{"start":{"line":69,"column":45},"end":{"line":77,"column":9}}]},"13":{"type":"branch","line":71,"loc":{"start":{"line":71,"column":57},"end":{"line":73,"column":11}},"locations":[{"start":{"line":71,"column":57},"end":{"line":73,"column":11}}]},"14":{"type":"branch","line":79,"loc":{"start":{"line":79,"column":50},"end":{"line":87,"column":9}},"locations":[{"start":{"line":79,"column":50},"end":{"line":87,"column":9}}]},"15":{"type":"branch","line":89,"loc":{"start":{"line":89,"column":49},"end":{"line":97,"column":9}},"locations":[{"start":{"line":89,"column":49},"end":{"line":97,"column":9}}]},"16":{"type":"branch","line":99,"loc":{"start":{"line":99,"column":42},"end":{"line":110,"column":9}},"locations":[{"start":{"line":99,"column":42},"end":{"line":110,"column":9}}]},"17":{"type":"branch","line":101,"loc":{"start":{"line":101,"column":49},"end":{"line":103,"column":11}},"locations":[{"start":{"line":101,"column":49},"end":{"line":103,"column":11}}]},"18":{"type":"branch","line":105,"loc":{"start":{"line":105,"column":33},"end":{"line":107,"column":11}},"locations":[{"start":{"line":105,"column":33},"end":{"line":107,"column":11}}]},"19":{"type":"branch","line":111,"loc":{"start":{"line":111,"column":-1},"end":{"line":112,"column":33}},"locations":[{"start":{"line":111,"column":-1},"end":{"line":112,"column":33}}]},"20":{"type":"branch","line":112,"loc":{"start":{"line":112,"column":33},"end":{"line":115,"column":9}},"locations":[{"start":{"line":112,"column":33},"end":{"line":115,"column":9}}]},"21":{"type":"branch","line":117,"loc":{"start":{"line":117,"column":37},"end":{"line":120,"column":9}},"locations":[{"start":{"line":117,"column":37},"end":{"line":120,"column":9}}]},"22":{"type":"branch","line":122,"loc":{"start":{"line":122,"column":25},"end":{"line":137,"column":9}},"locations":[{"start":{"line":122,"column":25},"end":{"line":137,"column":9}}]},"23":{"type":"branch","line":123,"loc":{"start":{"line":123,"column":32},"end":{"line":125,"column":11}},"locations":[{"start":{"line":123,"column":32},"end":{"line":125,"column":11}}]},"24":{"type":"branch","line":127,"loc":{"start":{"line":127,"column":36},"end":{"line":129,"column":11}},"locations":[{"start":{"line":127,"column":36},"end":{"line":129,"column":11}}]},"25":{"type":"branch","line":131,"loc":{"start":{"line":131,"column":32},"end":{"line":133,"column":11}},"locations":[{"start":{"line":131,"column":32},"end":{"line":133,"column":11}}]},"26":{"type":"branch","line":138,"loc":{"start":{"line":138,"column":-1},"end":{"line":139,"column":52}},"locations":[{"start":{"line":138,"column":-1},"end":{"line":139,"column":52}}]},"27":{"type":"branch","line":139,"loc":{"start":{"line":139,"column":52},"end":{"line":139,"column":83}},"locations":[{"start":{"line":139,"column":52},"end":{"line":139,"column":83}}]},"28":{"type":"branch","line":139,"loc":{"start":{"line":139,"column":85},"end":{"line":142,"column":9}},"locations":[{"start":{"line":139,"column":85},"end":{"line":142,"column":9}}]},"29":{"type":"branch","line":143,"loc":{"start":{"line":143,"column":-1},"end":{"line":150,"column":98}},"locations":[{"start":{"line":143,"column":-1},"end":{"line":150,"column":98}}]},"30":{"type":"branch","line":150,"loc":{"start":{"line":150,"column":94},"end":{"line":150,"column":106}},"locations":[{"start":{"line":150,"column":94},"end":{"line":150,"column":106}}]},"31":{"type":"branch","line":151,"loc":{"start":{"line":151,"column":-1},"end":{"line":153,"column":34}},"locations":[{"start":{"line":151,"column":-1},"end":{"line":153,"column":34}}]},"32":{"type":"branch","line":153,"loc":{"start":{"line":153,"column":34},"end":{"line":155,"column":9}},"locations":[{"start":{"line":153,"column":34},"end":{"line":155,"column":9}}]},"33":{"type":"branch","line":184,"loc":{"start":{"line":184,"column":32},"end":{"line":186,"column":9}},"locations":[{"start":{"line":184,"column":32},"end":{"line":186,"column":9}}]},"34":{"type":"branch","line":187,"loc":{"start":{"line":187,"column":-1},"end":{"line":188,"column":49}},"locations":[{"start":{"line":187,"column":-1},"end":{"line":188,"column":49}}]},"35":{"type":"branch","line":140,"loc":{"start":{"line":140,"column":33},"end":{"line":140,"column":55}},"locations":[{"start":{"line":140,"column":33},"end":{"line":140,"column":55}}]},"36":{"type":"branch","line":157,"loc":{"start":{"line":157,"column":49},"end":{"line":176,"column":9}},"locations":[{"start":{"line":157,"column":49},"end":{"line":176,"column":9}}]},"37":{"type":"branch","line":160,"loc":{"start":{"line":160,"column":-1},"end":{"line":161,"column":39}},"locations":[{"start":{"line":160,"column":-1},"end":{"line":161,"column":39}}]},"38":{"type":"branch","line":161,"loc":{"start":{"line":161,"column":39},"end":{"line":172,"column":13}},"locations":[{"start":{"line":161,"column":39},"end":{"line":172,"column":13}}]},"39":{"type":"branch","line":164,"loc":{"start":{"line":164,"column":33},"end":{"line":167,"column":15}},"locations":[{"start":{"line":164,"column":33},"end":{"line":167,"column":15}}]},"40":{"type":"branch","line":173,"loc":{"start":{"line":173,"column":20},"end":{"line":175,"column":11}},"locations":[{"start":{"line":173,"column":20},"end":{"line":175,"column":11}}]}},"b":{"0":[28],"1":[27],"2":[28],"3":[27],"4":[21],"5":[21],"6":[194],"7":[0],"8":[176],"9":[18],"10":[144],"11":[30],"12":[1],"13":[0],"14":[0],"15":[0],"16":[4],"17":[0],"18":[0],"19":[25],"20":[1],"21":[0],"22":[4],"23":[3],"24":[0],"25":[1],"26":[25],"27":[23],"28":[2],"29":[23],"30":[0],"31":[23],"32":[22],"33":[0],"34":[23],"35":[2],"36":[23],"37":[16],"38":[537522],"39":[0],"40":[16]},"fnMap":{"0":{"name":"getPadding","decl":{"start":{"line":10,"column":0},"end":{"line":18,"column":1}},"loc":{"start":{"line":10,"column":0},"end":{"line":18,"column":1}},"line":10},"1":{"name":"discardPadding","decl":{"start":{"line":20,"column":0},"end":{"line":25,"column":1}},"loc":{"start":{"line":20,"column":0},"end":{"line":25,"column":1}},"line":20},"2":{"name":"extract","decl":{"start":{"line":37,"column":6},"end":{"line":194,"column":1}},"loc":{"start":{"line":37,"column":6},"end":{"line":194,"column":1}},"line":37}},"f":{"0":28,"1":28,"2":21}}
,"/Users/alex/Documents/Workspaces/alanshaw/it-tar/src/index.ts": {"path":"/Users/alex/Documents/Workspaces/alanshaw/it-tar/src/index.ts","all":false,"statementMap":{"0":{"start":{"line":1,"column":0},"end":{"line":1,"column":45}},"1":{"start":{"line":2,"column":0},"end":{"line":2,"column":0}},"2":{"start":{"line":3,"column":0},"end":{"line":3,"column":38}},"3":{"start":{"line":4,"column":0},"end":{"line":4,"column":32}},"4":{"start":{"line":5,"column":0},"end":{"line":5,"column":0}},"5":{"start":{"line":6,"column":0},"end":{"line":6,"column":210}},"6":{"start":{"line":7,"column":0},"end":{"line":7,"column":0}},"7":{"start":{"line":8,"column":0},"end":{"line":8,"column":33}},"8":{"start":{"line":9,"column":0},"end":{"line":9,"column":14}},"9":{"start":{"line":10,"column":0},"end":{"line":10,"column":13}},"10":{"start":{"line":11,"column":0},"end":{"line":11,"column":13}},"11":{"start":{"line":12,"column":0},"end":{"line":12,"column":14}},"12":{"start":{"line":13,"column":0},"end":{"line":13,"column":14}},"13":{"start":{"line":14,"column":0},"end":{"line":14,"column":13}},"14":{"start":{"line":15,"column":0},"end":{"line":15,"column":18}},"15":{"start":{"line":16,"column":0},"end":{"line":16,"column":19}},"16":{"start":{"line":17,"column":0},"end":{"line":17,"column":19}},"17":{"start":{"line":18,"column":0},"end":{"line":18,"column":16}},"18":{"start":{"line":19,"column":0},"end":{"line":19,"column":16}},"19":{"start":{"line":20,"column":0},"end":{"line":20,"column":19}},"20":{"start":{"line":21,"column":0},"end":{"line":21,"column":19}},"21":{"start":{"line":22,"column":0},"end":{"line":22,"column":30}},"22":{"start":{"line":23,"column":0},"end":{"line":23,"column":1}},"23":{"start":{"line":24,"column":0},"end":{"line":24,"column":0}},"24":{"start":{"line":25,"column":0},"end":{"line":25,"column":27}},"25":{"start":{"line":26,"column":0},"end":{"line":26,"column":24}},"26":{"start":{"line":27,"column":0},"end":{"line":27,"column":33}},"27":{"start":{"line":28,"column":0},"end":{"line":28,"column":1}},"28":{"start":{"line":29,"column":0},"end":{"line":29,"column":0}},"29":{"start":{"line":30,"column":0},"end":{"line":30,"column":37}},"30":{"start":{"line":31,"column":0},"end":{"line":31,"column":52}},"31":{"start":{"line":32,"column":0},"end":{"line":32,"column":40}},"32":{"start":{"line":33,"column":0},"end":{"line":33,"column":1}},"33":{"start":{"line":34,"column":0},"end":{"line":34,"column":0}},"34":{"start":{"line":35,"column":0},"end":{"line":35,"column":33}},"35":{"start":{"line":36,"column":0},"end":{"line":36,"column":23}},"36":{"start":{"line":37,"column":0},"end":{"line":37,"column":26}},"37":{"start":{"line":38,"column":0},"end":{"line":38,"column":1}}},"s":{"0":1,"1":1,"2":1,"3":1,"4":1,"5":1,"6":1,"7":1,"8":1,"9":1,"10":1,"11":1,"12":1,"13":1,"14":1,"15":1,"16":1,"17":1,"18":1,"19":1,"20":1,"21":1,"22":1,"23":1,"24":1,"25":1,"26":1,"27":1,"28":1,"29":1,"30":1,"31":1,"32":1,"33":1,"34":1,"35":1,"36":1,"37":1},"branchMap":{},"b":{},"fnMap":{},"f":{}}
,"/Users/alex/Documents/Workspaces/alanshaw/it-tar/src/lte-reader.ts": {"path":"/Users/alex/Documents/Workspaces/alanshaw/it-tar/src/lte-reader.ts","all":false,"statementMap":{"0":{"start":{"line":1,"column":0},"end":{"line":1,"column":65}},"1":{"start":{"line":2,"column":0},"end":{"line":2,"column":34}},"2":{"start":{"line":3,"column":0},"end":{"line":3,"column":45}},"3":{"start":{"line":4,"column":0},"end":{"line":4,"column":0}},"4":{"start":{"line":5,"column":0},"end":{"line":5,"column":92}},"5":{"start":{"line":6,"column":0},"end":{"line":6,"column":69}},"6":{"start":{"line":7,"column":0},"end":{"line":7,"column":55}},"7":{"start":{"line":8,"column":0},"end":{"line":8,"column":1}},"8":{"start":{"line":9,"column":0},"end":{"line":9,"column":0}},"9":{"start":{"line":10,"column":0},"end":{"line":10,"column":67}},"10":{"start":{"line":11,"column":0},"end":{"line":11,"column":30}},"11":{"start":{"line":12,"column":0},"end":{"line":12,"column":37}},"12":{"start":{"line":13,"column":0},"end":{"line":13,"column":21}},"13":{"start":{"line":14,"column":0},"end":{"line":14,"column":44}},"14":{"start":{"line":15,"column":0},"end":{"line":15,"column":74}},"15":{"start":{"line":16,"column":0},"end":{"line":16,"column":29}},"16":{"start":{"line":17,"column":0},"end":{"line":17,"column":17}},"17":{"start":{"line":18,"column":0},"end":{"line":18,"column":57}},"18":{"start":{"line":19,"column":0},"end":{"line":19,"column":26}},"19":{"start":{"line":20,"column":0},"end":{"line":20,"column":25}},"20":{"start":{"line":21,"column":0},"end":{"line":21,"column":45}},"21":{"start":{"line":22,"column":0},"end":{"line":22,"column":45}},"22":{"start":{"line":23,"column":0},"end":{"line":23,"column":45}},"23":{"start":{"line":24,"column":0},"end":{"line":24,"column":45}},"24":{"start":{"line":25,"column":0},"end":{"line":25,"column":86}},"25":{"start":{"line":26,"column":0},"end":{"line":26,"column":51}},"26":{"start":{"line":27,"column":0},"end":{"line":27,"column":32}},"27":{"start":{"line":28,"column":0},"end":{"line":28,"column":97}},"28":{"start":{"line":29,"column":0},"end":{"line":29,"column":40}},"29":{"start":{"line":30,"column":0},"end":{"line":30,"column":13}},"30":{"start":{"line":31,"column":0},"end":{"line":31,"column":11}},"31":{"start":{"line":32,"column":0},"end":{"line":32,"column":57}},"32":{"start":{"line":33,"column":0},"end":{"line":33,"column":25}},"33":{"start":{"line":34,"column":0},"end":{"line":34,"column":9}},"34":{"start":{"line":35,"column":0},"end":{"line":35,"column":0}},"35":{"start":{"line":36,"column":0},"end":{"line":36,"column":28}},"36":{"start":{"line":37,"column":0},"end":{"line":37,"column":89}},"37":{"start":{"line":38,"column":0},"end":{"line":38,"column":0}},"38":{"start":{"line":39,"column":0},"end":{"line":39,"column":23}},"39":{"start":{"line":40,"column":0},"end":{"line":40,"column":9}},"40":{"start":{"line":41,"column":0},"end":{"line":41,"column":0}},"41":{"start":{"line":42,"column":0},"end":{"line":42,"column":77}},"42":{"start":{"line":43,"column":0},"end":{"line":43,"column":0}},"43":{"start":{"line":44,"column":0},"end":{"line":44,"column":21}},"44":{"start":{"line":45,"column":0},"end":{"line":45,"column":7}},"45":{"start":{"line":46,"column":0},"end":{"line":46,"column":0}},"46":{"start":{"line":47,"column":0},"end":{"line":47,"column":36}},"47":{"start":{"line":48,"column":0},"end":{"line":48,"column":6}},"48":{"start":{"line":49,"column":0},"end":{"line":49,"column":76}},"49":{"start":{"line":50,"column":0},"end":{"line":50,"column":52}},"50":{"start":{"line":51,"column":0},"end":{"line":51,"column":0}},"51":{"start":{"line":52,"column":0},"end":{"line":52,"column":26}},"52":{"start":{"line":53,"column":0},"end":{"line":53,"column":16}},"53":{"start":{"line":54,"column":0},"end":{"line":54,"column":21}},"54":{"start":{"line":55,"column":0},"end":{"line":55,"column":26}},"55":{"start":{"line":56,"column":0},"end":{"line":56,"column":9}},"56":{"start":{"line":57,"column":0},"end":{"line":57,"column":7}},"57":{"start":{"line":58,"column":0},"end":{"line":58,"column":0}},"58":{"start":{"line":59,"column":0},"end":{"line":59,"column":34}},"59":{"start":{"line":60,"column":0},"end":{"line":60,"column":37}},"60":{"start":{"line":61,"column":0},"end":{"line":61,"column":7}},"61":{"start":{"line":62,"column":0},"end":{"line":62,"column":0}},"62":{"start":{"line":63,"column":0},"end":{"line":63,"column":78}},"63":{"start":{"line":64,"column":0},"end":{"line":64,"column":0}},"64":{"start":{"line":65,"column":0},"end":{"line":65,"column":29}},"65":{"start":{"line":66,"column":0},"end":{"line":66,"column":45}},"66":{"start":{"line":67,"column":0},"end":{"line":67,"column":14}},"67":{"start":{"line":68,"column":0},"end":{"line":68,"column":39}},"68":{"start":{"line":69,"column":0},"end":{"line":69,"column":7}},"69":{"start":{"line":70,"column":0},"end":{"line":70,"column":0}},"70":{"start":{"line":71,"column":0},"end":{"line":71,"column":60}},"71":{"start":{"line":72,"column":0},"end":{"line":72,"column":6}},"72":{"start":{"line":73,"column":0},"end":{"line":73,"column":21}},"73":{"start":{"line":74,"column":0},"end":{"line":74,"column":33}},"74":{"start":{"line":75,"column":0},"end":{"line":75,"column":5}},"75":{"start":{"line":76,"column":0},"end":{"line":76,"column":3}},"76":{"start":{"line":77,"column":0},"end":{"line":77,"column":0}},"77":{"start":{"line":78,"column":0},"end":{"line":78,"column":18}},"78":{"start":{"line":79,"column":0},"end":{"line":79,"column":1}}},"s":{"0":1,"1":1,"2":1,"3":1,"4":1,"5":1,"6":1,"7":1,"8":1,"9":1,"10":21,"11":21,"12":21,"13":21,"14":21,"15":537771,"16":168,"17":168,"18":19,"19":19,"20":168,"21":145,"22":145,"23":149,"24":4,"25":4,"26":0,"27":0,"28":0,"29":0,"30":0,"31":4,"32":4,"33":4,"34":168,"35":168,"36":0,"37":0,"38":0,"39":0,"40":167,"41":167,"42":167,"43":167,"44":167,"45":537603,"46":537603,"47":21,"48":21,"49":537545,"50":537545,"51":537545,"52":0,"53":0,"54":0,"55":0,"56":0,"57":537545,"58":537545,"59":537522,"60":537522,"61":537545,"62":537545,"63":537545,"64":537545,"65":0,"66":537545,"67":23,"68":23,"69":23,"70":23,"71":21,"72":21,"73":21,"74":21,"75":21,"76":21,"77":21,"78":21},"branchMap":{"0":{"type":"branch","line":10,"loc":{"start":{"line":10,"column":6},"end":{"line":79,"column":1}},"locations":[{"start":{"line":10,"column":6},"end":{"line":79,"column":1}}]},"1":{"type":"branch","line":15,"loc":{"start":{"line":15,"column":4},"end":{"line":48,"column":5}},"locations":[{"start":{"line":15,"column":4},"end":{"line":48,"column":5}}]},"2":{"type":"branch","line":16,"loc":{"start":{"line":16,"column":28},"end":{"line":45,"column":7}},"locations":[{"start":{"line":16,"column":28},"end":{"line":45,"column":7}}]},"3":{"type":"branch","line":18,"loc":{"start":{"line":18,"column":25},"end":{"line":18,"column":54}},"locations":[{"start":{"line":18,"column":25},"end":{"line":18,"column":54}}]},"4":{"type":"branch","line":18,"loc":{"start":{"line":18,"column":56},"end":{"line":21,"column":15}},"locations":[{"start":{"line":18,"column":56},"end":{"line":21,"column":15}}]},"5":{"type":"branch","line":21,"loc":{"start":{"line":21,"column":9},"end":{"line":34,"column":9}},"locations":[{"start":{"line":21,"column":9},"end":{"line":34,"column":9}}]},"6":{"type":"branch","line":21,"loc":{"start":{"line":21,"column":44},"end":{"line":24,"column":15}},"locations":[{"start":{"line":21,"column":44},"end":{"line":24,"column":15}}]},"7":{"type":"branch","line":24,"loc":{"start":{"line":24,"column":9},"end":{"line":34,"column":9}},"locations":[{"start":{"line":24,"column":9},"end":{"line":34,"column":9}}]},"8":{"type":"branch","line":26,"loc":{"start":{"line":26,"column":-1},"end":{"line":26,"column":31}},"locations":[{"start":{"line":26,"column":-1},"end":{"line":26,"column":31}}]},"9":{"type":"branch","line":26,"loc":{"start":{"line":26,"column":27},"end":{"line":26,"column":48}},"locations":[{"start":{"line":26,"column":27},"end":{"line":26,"column":48}}]},"10":{"type":"branch","line":26,"loc":{"start":{"line":26,"column":50},"end":{"line":31,"column":11}},"locations":[{"start":{"line":26,"column":50},"end":{"line":31,"column":11}}]},"11":{"type":"branch","line":36,"loc":{"start":{"line":36,"column":27},"end":{"line":40,"column":9}},"locations":[{"start":{"line":36,"column":27},"end":{"line":40,"column":9}}]},"12":{"type":"branch","line":41,"loc":{"start":{"line":41,"column":-1},"end":{"line":45,"column":7}},"locations":[{"start":{"line":41,"column":-1},"end":{"line":45,"column":7}}]},"13":{"type":"branch","line":46,"loc":{"start":{"line":46,"column":-1},"end":{"line":48,"column":5}},"locations":[{"start":{"line":46,"column":-1},"end":{"line":48,"column":5}}]},"14":{"type":"branch","line":49,"loc":{"start":{"line":49,"column":4},"end":{"line":72,"column":5}},"locations":[{"start":{"line":49,"column":4},"end":{"line":72,"column":5}}]},"15":{"type":"branch","line":52,"loc":{"start":{"line":52,"column":25},"end":{"line":57,"column":7}},"locations":[{"start":{"line":52,"column":25},"end":{"line":57,"column":7}}]},"16":{"type":"branch","line":59,"loc":{"start":{"line":59,"column":33},"end":{"line":61,"column":7}},"locations":[{"start":{"line":59,"column":33},"end":{"line":61,"column":7}}]},"17":{"type":"branch","line":63,"loc":{"start":{"line":63,"column":51},"end":{"line":63,"column":78}},"locations":[{"start":{"line":63,"column":51},"end":{"line":63,"column":78}}]},"18":{"type":"branch","line":65,"loc":{"start":{"line":65,"column":28},"end":{"line":67,"column":13}},"locations":[{"start":{"line":65,"column":28},"end":{"line":67,"column":13}}]},"19":{"type":"branch","line":67,"loc":{"start":{"line":67,"column":7},"end":{"line":72,"column":5}},"locations":[{"start":{"line":67,"column":7},"end":{"line":72,"column":5}}]},"20":{"type":"branch","line":73,"loc":{"start":{"line":73,"column":4},"end":{"line":75,"column":5}},"locations":[{"start":{"line":73,"column":4},"end":{"line":75,"column":5}}]}},"b":{"0":[21],"1":[537771],"2":[168],"3":[164],"4":[19],"5":[149],"6":[145],"7":[4],"8":[3],"9":[0],"10":[0],"11":[0],"12":[167],"13":[537603],"14":[537545],"15":[0],"16":[537522],"17":[0],"18":[0],"19":[23],"20":[21]},"fnMap":{"0":{"name":"lteReader","decl":{"start":{"line":10,"column":6},"end":{"line":79,"column":1}},"loc":{"start":{"line":10,"column":6},"end":{"line":79,"column":1}},"line":10},"1":{"name":"lteReader","decl":{"start":{"line":14,"column":28},"end":{"line":14,"column":43}},"loc":{"start":{"line":14,"column":28},"end":{"line":14,"column":43}},"line":14},"2":{"name":"next","decl":{"start":{"line":15,"column":4},"end":{"line":48,"column":5}},"loc":{"start":{"line":15,"column":4},"end":{"line":48,"column":5}},"line":15},"3":{"name":"nextLte","decl":{"start":{"line":49,"column":4},"end":{"line":72,"column":5}},"loc":{"start":{"line":49,"column":4},"end":{"line":72,"column":5}},"line":49},"4":{"name":"return","decl":{"start":{"line":73,"column":4},"end":{"line":75,"column":5}},"loc":{"start":{"line":73,"column":4},"end":{"line":75,"column":5}},"line":73}},"f":{"0":21,"1":0,"2":537771,"3":537545,"4":21}}
,"/Users/alex/Documents/Workspaces/alanshaw/it-tar/src/pack-headers.ts": {"path":"/Users/alex/Documents/Workspaces/alanshaw/it-tar/src/pack-headers.ts","all":false,"statementMap":{"0":{"start":{"line":1,"column":0},"end":{"line":1,"column":76}},"1":{"start":{"line":2,"column":0},"end":{"line":2,"column":50}},"2":{"start":{"line":3,"column":0},"end":{"line":3,"column":0}},"3":{"start":{"line":4,"column":0},"end":{"line":4,"column":35}},"4":{"start":{"line":5,"column":0},"end":{"line":5,"column":36}},"5":{"start":{"line":6,"column":0},"end":{"line":6,"column":37}},"6":{"start":{"line":7,"column":0},"end":{"line":7,"column":63}},"7":{"start":{"line":8,"column":0},"end":{"line":8,"column":54}},"8":{"start":{"line":9,"column":0},"end":{"line":9,"column":32}},"9":{"start":{"line":10,"column":0},"end":{"line":10,"column":24}},"10":{"start":{"line":11,"column":0},"end":{"line":11,"column":26}},"11":{"start":{"line":12,"column":0},"end":{"line":12,"column":0}},"12":{"start":{"line":13,"column":0},"end":{"line":13,"column":48}},"13":{"start":{"line":14,"column":0},"end":{"line":14,"column":17}},"14":{"start":{"line":15,"column":0},"end":{"line":15,"column":16}},"15":{"start":{"line":16,"column":0},"end":{"line":16,"column":14}},"16":{"start":{"line":17,"column":0},"end":{"line":17,"column":16}},"17":{"start":{"line":18,"column":0},"end":{"line":18,"column":14}},"18":{"start":{"line":19,"column":0},"end":{"line":19,"column":19}},"19":{"start":{"line":20,"column":0},"end":{"line":20,"column":14}},"20":{"start":{"line":21,"column":0},"end":{"line":21,"column":28}},"21":{"start":{"line":22,"column":0},"end":{"line":22,"column":14}},"22":{"start":{"line":23,"column":0},"end":{"line":23,"column":24}},"23":{"start":{"line":24,"column":0},"end":{"line":24,"column":14}},"24":{"start":{"line":25,"column":0},"end":{"line":25,"column":21}},"25":{"start":{"line":26,"column":0},"end":{"line":26,"column":14}},"26":{"start":{"line":27,"column":0},"end":{"line":27,"column":16}},"27":{"start":{"line":28,"column":0},"end":{"line":28,"column":14}},"28":{"start":{"line":29,"column":0},"end":{"line":29,"column":27}},"29":{"start":{"line":30,"column":0},"end":{"line":30,"column":14}},"30":{"start":{"line":31,"column":0},"end":{"line":31,"column":22}},"31":{"start":{"line":32,"column":0},"end":{"line":32,"column":15}},"32":{"start":{"line":33,"column":0},"end":{"line":33,"column":12}},"33":{"start":{"line":34,"column":0},"end":{"line":34,"column":14}},"34":{"start":{"line":35,"column":0},"end":{"line":35,"column":3}},"35":{"start":{"line":36,"column":0},"end":{"line":36,"column":1}},"36":{"start":{"line":37,"column":0},"end":{"line":37,"column":0}},"37":{"start":{"line":38,"column":0},"end":{"line":38,"column":44}},"38":{"start":{"line":39,"column":0},"end":{"line":39,"column":18}},"39":{"start":{"line":40,"column":0},"end":{"line":40,"column":47}},"40":{"start":{"line":41,"column":0},"end":{"line":41,"column":49}},"41":{"start":{"line":42,"column":0},"end":{"line":42,"column":12}},"42":{"start":{"line":43,"column":0},"end":{"line":43,"column":1}},"43":{"start":{"line":44,"column":0},"end":{"line":44,"column":0}},"44":{"start":{"line":45,"column":0},"end":{"line":45,"column":65}},"45":{"start":{"line":46,"column":0},"end":{"line":46,"column":29}},"46":{"start":{"line":47,"column":0},"end":{"line":47,"column":0}},"47":{"start":{"line":48,"column":0},"end":{"line":48,"column":23}},"48":{"start":{"line":49,"column":0},"end":{"line":49,"column":57}},"49":{"start":{"line":50,"column":0},"end":{"line":50,"column":3}},"50":{"start":{"line":51,"column":0},"end":{"line":51,"column":0}},"51":{"start":{"line":52,"column":0},"end":{"line":52,"column":73}},"52":{"start":{"line":53,"column":0},"end":{"line":53,"column":1}},"53":{"start":{"line":54,"column":0},"end":{"line":54,"column":0}},"54":{"start":{"line":55,"column":0},"end":{"line":55,"column":42}},"55":{"start":{"line":56,"column":0},"end":{"line":56,"column":50}},"56":{"start":{"line":57,"column":0},"end":{"line":57,"column":59}},"57":{"start":{"line":58,"column":0},"end":{"line":58,"column":0}},"58":{"start":{"line":59,"column":0},"end":{"line":59,"column":45}},"59":{"start":{"line":60,"column":0},"end":{"line":60,"column":12}},"60":{"start":{"line":61,"column":0},"end":{"line":61,"column":3}},"61":{"start":{"line":62,"column":0},"end":{"line":62,"column":0}},"62":{"start":{"line":63,"column":0},"end":{"line":63,"column":32}},"63":{"start":{"line":64,"column":0},"end":{"line":64,"column":1}},"64":{"start":{"line":65,"column":0},"end":{"line":65,"column":0}},"65":{"start":{"line":66,"column":0},"end":{"line":66,"column":84}},"66":{"start":{"line":67,"column":0},"end":{"line":67,"column":17}},"67":{"start":{"line":68,"column":0},"end":{"line":68,"column":26}},"68":{"start":{"line":69,"column":0},"end":{"line":69,"column":52}},"69":{"start":{"line":70,"column":0},"end":{"line":70,"column":3}},"70":{"start":{"line":71,"column":0},"end":{"line":71,"column":30}},"71":{"start":{"line":72,"column":0},"end":{"line":72,"column":60}},"72":{"start":{"line":73,"column":0},"end":{"line":73,"column":3}},"73":{"start":{"line":74,"column":0},"end":{"line":74,"column":0}},"74":{"start":{"line":75,"column":0},"end":{"line":75,"column":22}},"75":{"start":{"line":76,"column":0},"end":{"line":76,"column":0}},"76":{"start":{"line":77,"column":0},"end":{"line":77,"column":20}},"77":{"start":{"line":78,"column":0},"end":{"line":78,"column":28}},"78":{"start":{"line":79,"column":0},"end":{"line":79,"column":59}},"79":{"start":{"line":80,"column":0},"end":{"line":80,"column":62}},"80":{"start":{"line":81,"column":0},"end":{"line":81,"column":7}},"81":{"start":{"line":82,"column":0},"end":{"line":82,"column":5}},"82":{"start":{"line":83,"column":0},"end":{"line":83,"column":3}},"83":{"start":{"line":84,"column":0},"end":{"line":84,"column":0}},"84":{"start":{"line":85,"column":0},"end":{"line":85,"column":37}},"85":{"start":{"line":86,"column":0},"end":{"line":86,"column":1}},"86":{"start":{"line":87,"column":0},"end":{"line":87,"column":0}},"87":{"start":{"line":88,"column":0},"end":{"line":88,"column":66}},"88":{"start":{"line":89,"column":0},"end":{"line":89,"column":33}},"89":{"start":{"line":90,"column":0},"end":{"line":90,"column":22}},"90":{"start":{"line":91,"column":0},"end":{"line":91,"column":17}},"91":{"start":{"line":92,"column":0},"end":{"line":92,"column":0}},"92":{"start":{"line":93,"column":0},"end":{"line":93,"column":61}},"93":{"start":{"line":94,"column":0},"end":{"line":94,"column":15}},"94":{"start":{"line":95,"column":0},"end":{"line":95,"column":3}},"95":{"start":{"line":96,"column":0},"end":{"line":96,"column":0}},"96":{"start":{"line":97,"column":0},"end":{"line":97,"column":62}},"97":{"start":{"line":98,"column":0},"end":{"line":98,"column":24}},"98":{"start":{"line":99,"column":0},"end":{"line":99,"column":3}},"99":{"start":{"line":100,"column":0},"end":{"line":100,"column":0}},"100":{"start":{"line":101,"column":0},"end":{"line":101,"column":55}},"101":{"start":{"line":102,"column":0},"end":{"line":102,"column":31}},"102":{"start":{"line":103,"column":0},"end":{"line":103,"column":19}},"103":{"start":{"line":104,"column":0},"end":{"line":104,"column":17}},"104":{"start":{"line":105,"column":0},"end":{"line":105,"column":5}},"105":{"start":{"line":106,"column":0},"end":{"line":106,"column":71}},"106":{"start":{"line":107,"column":0},"end":{"line":107,"column":28}},"107":{"start":{"line":108,"column":0},"end":{"line":108,"column":3}},"108":{"start":{"line":109,"column":0},"end":{"line":109,"column":0}},"109":{"start":{"line":110,"column":0},"end":{"line":110,"column":101}},"110":{"start":{"line":111,"column":0},"end":{"line":111,"column":15}},"111
[...]
n":0},"end":{"line":92,"column":65}},"92":{"start":{"line":93,"column":0},"end":{"line":93,"column":4}},"93":{"start":{"line":94,"column":0},"end":{"line":94,"column":0}},"94":{"start":{"line":95,"column":0},"end":{"line":95,"column":27}},"95":{"start":{"line":96,"column":0},"end":{"line":96,"column":48}},"96":{"start":{"line":97,"column":0},"end":{"line":97,"column":15}},"97":{"start":{"line":98,"column":0},"end":{"line":98,"column":26}},"98":{"start":{"line":99,"column":0},"end":{"line":99,"column":39}},"99":{"start":{"line":100,"column":0},"end":{"line":100,"column":26}},"100":{"start":{"line":101,"column":0},"end":{"line":101,"column":33}},"101":{"start":{"line":102,"column":0},"end":{"line":102,"column":21}},"102":{"start":{"line":103,"column":0},"end":{"line":103,"column":23}},"103":{"start":{"line":104,"column":0},"end":{"line":104,"column":17}},"104":{"start":{"line":105,"column":0},"end":{"line":105,"column":15}},"105":{"start":{"line":106,"column":0},"end":{"line":106,"column":7}},"106":{"start":{"line":107,"column":0},"end":{"line":107,"column":8}},"107":{"start":{"line":108,"column":0},"end":{"line":108,"column":15}},"108":{"start":{"line":109,"column":0},"end":{"line":109,"column":31}},"109":{"start":{"line":110,"column":0},"end":{"line":110,"column":39}},"110":{"start":{"line":111,"column":0},"end":{"line":111,"column":24}},"111":{"start":{"line":112,"column":0},"end":{"line":112,"column":30}},"112":{"start":{"line":113,"column":0},"end":{"line":113,"column":33}},"113":{"start":{"line":114,"column":0},"end":{"line":114,"column":21}},"114":{"start":{"line":115,"column":0},"end":{"line":115,"column":23}},"115":{"start":{"line":116,"column":0},"end":{"line":116,"column":17}},"116":{"start":{"line":117,"column":0},"end":{"line":117,"column":16}},"117":{"start":{"line":118,"column":0},"end":{"line":118,"column":41}},"118":{"start":{"line":119,"column":0},"end":{"line":119,"column":7}},"119":{"start":{"line":120,"column":0},"end":{"line":120,"column":6}},"120":{"start":{"line":121,"column":0},"end":{"line":121,"column":0}},"121":{"start":{"line":122,"column":0},"end":{"line":122,"column":28}},"122":{"start":{"line":123,"column":0},"end":{"line":123,"column":14}},"123":{"start":{"line":124,"column":0},"end":{"line":124,"column":17}},"124":{"start":{"line":125,"column":0},"end":{"line":125,"column":46}},"125":{"start":{"line":126,"column":0},"end":{"line":126,"column":5}},"126":{"start":{"line":127,"column":0},"end":{"line":127,"column":0}},"127":{"start":{"line":128,"column":0},"end":{"line":128,"column":41}},"128":{"start":{"line":129,"column":0},"end":{"line":129,"column":67}},"129":{"start":{"line":130,"column":0},"end":{"line":130,"column":4}},"130":{"start":{"line":131,"column":0},"end":{"line":131,"column":0}},"131":{"start":{"line":132,"column":0},"end":{"line":132,"column":31}},"132":{"start":{"line":133,"column":0},"end":{"line":133,"column":48}},"133":{"start":{"line":134,"column":0},"end":{"line":134,"column":15}},"134":{"start":{"line":135,"column":0},"end":{"line":135,"column":160}},"135":{"start":{"line":136,"column":0},"end":{"line":136,"column":39}},"136":{"start":{"line":137,"column":0},"end":{"line":137,"column":21}},"137":{"start":{"line":138,"column":0},"end":{"line":138,"column":33}},"138":{"start":{"line":139,"column":0},"end":{"line":139,"column":21}},"139":{"start":{"line":140,"column":0},"end":{"line":140,"column":23}},"140":{"start":{"line":141,"column":0},"end":{"line":141,"column":17}},"141":{"start":{"line":142,"column":0},"end":{"line":142,"column":15}},"142":{"start":{"line":143,"column":0},"end":{"line":143,"column":8}},"143":{"start":{"line":144,"column":0},"end":{"line":144,"column":53}},"144":{"start":{"line":145,"column":0},"end":{"line":145,"column":6}},"145":{"start":{"line":146,"column":0},"end":{"line":146,"column":0}},"146":{"start":{"line":147,"column":0},"end":{"line":147,"column":28}},"147":{"start":{"line":148,"column":0},"end":{"line":148,"column":14}},"148":{"start":{"line":149,"column":0},"end":{"line":149,"column":17}},"149":{"start":{"line":150,"column":0},"end":{"line":150,"column":46}},"150":{"start":{"line":151,"column":0},"end":{"line":151,"column":5}},"151":{"start":{"line":152,"column":0},"end":{"line":152,"column":0}},"152":{"start":{"line":153,"column":0},"end":{"line":153,"column":41}},"153":{"start":{"line":154,"column":0},"end":{"line":154,"column":71}},"154":{"start":{"line":155,"column":0},"end":{"line":155,"column":4}},"155":{"start":{"line":156,"column":0},"end":{"line":156,"column":0}},"156":{"start":{"line":157,"column":0},"end":{"line":157,"column":35}},"157":{"start":{"line":158,"column":0},"end":{"line":158,"column":48}},"158":{"start":{"line":159,"column":0},"end":{"line":159,"column":15}},"159":{"start":{"line":160,"column":0},"end":{"line":160,"column":25}},"160":{"start":{"line":161,"column":0},"end":{"line":161,"column":39}},"161":{"start":{"line":162,"column":0},"end":{"line":162,"column":33}},"162":{"start":{"line":163,"column":0},"end":{"line":163,"column":21}},"163":{"start":{"line":164,"column":0},"end":{"line":164,"column":23}},"164":{"start":{"line":165,"column":0},"end":{"line":165,"column":24}},"165":{"start":{"line":166,"column":0},"end":{"line":166,"column":23}},"166":{"start":{"line":167,"column":0},"end":{"line":167,"column":8}},"167":{"start":{"line":168,"column":0},"end":{"line":168,"column":49}},"168":{"start":{"line":169,"column":0},"end":{"line":169,"column":6}},"169":{"start":{"line":170,"column":0},"end":{"line":170,"column":0}},"170":{"start":{"line":171,"column":0},"end":{"line":171,"column":28}},"171":{"start":{"line":172,"column":0},"end":{"line":172,"column":14}},"172":{"start":{"line":173,"column":0},"end":{"line":173,"column":17}},"173":{"start":{"line":174,"column":0},"end":{"line":174,"column":46}},"174":{"start":{"line":175,"column":0},"end":{"line":175,"column":5}},"175":{"start":{"line":176,"column":0},"end":{"line":176,"column":0}},"176":{"start":{"line":177,"column":0},"end":{"line":177,"column":41}},"177":{"start":{"line":178,"column":0},"end":{"line":178,"column":71}},"178":{"start":{"line":179,"column":0},"end":{"line":179,"column":4}},"179":{"start":{"line":180,"column":0},"end":{"line":180,"column":0}},"180":{"start":{"line":181,"column":0},"end":{"line":181,"column":29}},"181":{"start":{"line":182,"column":0},"end":{"line":182,"column":48}},"182":{"start":{"line":183,"column":0},"end":{"line":183,"column":15}},"183":{"start":{"line":184,"column":0},"end":{"line":184,"column":27}},"184":{"start":{"line":185,"column":0},"end":{"line":185,"column":39}},"185":{"start":{"line":186,"column":0},"end":{"line":186,"column":21}},"186":{"start":{"line":187,"column":0},"end":{"line":187,"column":33}},"187":{"start":{"line":188,"column":0},"end":{"line":188,"column":21}},"188":{"start":{"line":189,"column":0},"end":{"line":189,"column":23}},"189":{"start":{"line":190,"column":0},"end":{"line":190,"column":17}},"190":{"start":{"line":191,"column":0},"end":{"line":191,"column":15}},"191":{"start":{"line":192,"column":0},"end":{"line":192,"column":8}},"192":{"start":{"line":193,"column":0},"end":{"line":193,"column":43}},"193":{"start":{"line":194,"column":0},"end":{"line":194,"column":6}},"194":{"start":{"line":195,"column":0},"end":{"line":195,"column":0}},"195":{"start":{"line":196,"column":0},"end":{"line":196,"column":28}},"196":{"start":{"line":197,"column":0},"end":{"line":197,"column":14}},"197":{"start":{"line":198,"column":0},"end":{"line":198,"column":17}},"198":{"start":{"line":199,"column":0},"end":{"line":199,"column":46}},"199":{"start":{"line":200,"column":0},"end":{"line":200,"column":5}},"200":{"start":{"line":201,"column":0},"end":{"line":201,"column":0}},"201":{"start":{"line":202,"column":0},"end":{"line":202,"column":41}},"202":{"start":{"line":203,"column":0},"end":{"line":203,"column":69}},"203":{"start":{"line":204,"column":0},"end":{"line":204,"column":4}},"204":{"start":{"line":205,"column":0},"end":{"line":205,"column":2}}},"s":{"0":1,"1":1,"2":1,"3":1,"4":1,"5":1,"6":1,"7":1,"8":1,"9":1,"10":1,"11":1,"12":1,"13":1,"14":1,"15":1,"16":1,"17":1,"18":1,"19":1,"20":1,"21":1,"22":1,"23":1,"24":1,"25":1,"26":1,"27":1,"28":1,"29":1,"30":1,"31":1,"32":1,"33":1,"34":1,"35":1,"36":1,"37":1,"38":1,"39":1,"40":1,"41":1,"42":1,"43":1,"44":1,"45":1,"46":1,"47":1,"48":1,"49":1,"50":1,"51":1,"52":1,"53":1,"54":1,"55":1,"56":1,"57":1,"58":1,"59":1,"60":1,"61":1,"62":1,"63":1,"64":1,"65":1,"66":1,"67":1,"68":1,"69":1,"70":1,"71":1,"72":1,"73":1,"74":1,"75":1,"76":1,"77":1,"78":1,"79":1,"80":1,"81":1,"82":1,"83":1,"84":1,"85":1,"86":1,"87":1,"88":1,"89":1,"90":1,"91":1,"92":1,"93":1,"94":1,"95":1,"96":1,"97":1,"98":1,"99":1,"100":1,"101":1,"102":1,"103":1,"104":1,"105":1,"106":1,"107":1,"108":1,"109":1,"110":1,"111":1,"112":1,"113":1,"114":1,"115":1,"116":1,"117":1,"118":1,"119":1,"120":1,"121":1,"122":1,"123":1,"124":1,"125":1,"126":1,"127":1,"128":1,"129":1,"130":1,"131":1,"132":1,"133":1,"134":1,"135":1,"136":1,"137":1,"138":1,"139":1,"140":1,"141":1,"142":1,"143":1,"144":1,"145":1,"146":1,"147":1,"148":1,"149":1,"150":1,"151":1,"152":1,"153":1,"154":1,"155":1,"156":1,"157":1,"158":1,"159":1,"160":1,"161":1,"162":1,"163":1,"164":1,"165":1,"166":1,"167":1,"168":1,"169":1,"170":1,"171":1,"172":1,"173":1,"174":1,"175":1,"176":1,"177":1,"178":1,"179":1,"180":1,"181":1,"182":1,"183":1,"184":1,"185":1,"186":1,"187":1,"188":1,"189":1,"190":1,"191":1,"192":1,"193":1,"194":1,"195":1,"196":1,"197":1,"198":1,"199":1,"200":1,"201":1,"202":1,"203":1,"204":1},"branchMap":{"0":{"type":"branch","line":9,"loc":{"start":{"line":9,"column":17},"end":{"line":205,"column":2}},"locations":[{"start":{"line":9,"column":17},"end":{"line":205,"column":2}}]},"1":{"type":"branch","line":10,"loc":{"start":{"line":10,"column":17},"end":{"line":32,"column":3}},"locations":[{"start":{"line":10,"column":17},"end":{"line":32,"column":3}}]},"2":{"type":"branch","line":27,"loc":{"start":{"line":27,"column":6},"end":{"line":27,"column":46}},"locations":[{"start":{"line":27,"column":6},"end":{"line":27,"column":46}}]},"3":{"type":"branch","line":34,"loc":{"start":{"line":34,"column":19},"end":{"line":68,"column":3}},"locations":[{"start":{"line":34,"column":19},"end":{"line":68,"column":3}}]},"4":{"type":"branch","line":63,"loc":{"start":{"line":63,"column":6},"end":{"line":63,"column":46}},"locations":[{"start":{"line":63,"column":6},"end":{"line":63,"column":46}}]},"5":{"type":"branch","line":70,"loc":{"start":{"line":70,"column":12},"end":{"line":93,"column":3}},"locations":[{"start":{"line":70,"column":12},"end":{"line":93,"column":3}}]},"6":{"type":"branch","line":88,"loc":{"start":{"line":88,"column":6},"end":{"line":88,"column":46}},"locations":[{"start":{"line":88,"column":6},"end":{"line":88,"column":46}}]},"7":{"type":"branch","line":95,"loc":{"start":{"line":95,"column":14},"end":{"line":130,"column":3}},"locations":[{"start":{"line":95,"column":14},"end":{"line":130,"column":3}}]},"8":{"type":"branch","line":125,"loc":{"start":{"line":125,"column":6},"end":{"line":125,"column":46}},"locations":[{"start":{"line":125,"column":6},"end":{"line":125,"column":46}}]},"9":{"type":"branch","line":132,"loc":{"start":{"line":132,"column":18},"end":{"line":155,"column":3}},"locations":[{"start":{"line":132,"column":18},"end":{"line":155,"column":3}}]},"10":{"type":"branch","line":150,"loc":{"start":{"line":150,"column":6},"end":{"line":150,"column":46}},"locations":[{"start":{"line":150,"column":6},"end":{"line":150,"column":46}}]},"11":{"type":"branch","line":157,"loc":{"start":{"line":157,"column":22},"end":{"line":179,"column":3}},"locations":[{"start":{"line":157,"column":22},"end":{"line":179,"column":3}}]},"12":{"type":"branch","line":174,"loc":{"start":{"line":174,"column":6},"end":{"line":174,"column":46}},"locations":[{"start":{"line":174,"column":6},"end":{"line":174,"column":46}}]},"13":{"type":"branch","line":181,"loc":{"start":{"line":181,"column":16},"end":{"line":204,"column":3}},"locations":[{"start":{"line":181,"column":16},"end":{"line":204,"column":3}}]},"14":{"type":"branch","line":199,"loc":{"start":{"line":199,"column":6},"end":{"line":199,"column":46}},"locations":[{"start":{"line":199,"column":6},"end":{"line":199,"column":46}}]}},"b":{"0":[1],"1":[1],"2":[1],"3":[1],"4":[1],"5":[1],"6":[1],"7":[1],"8":[1],"9":[1],"10":[1],"11":[1],"12":[1],"13":[1],"14":[1]},"fnMap":{},"f":{}}
,"/Users/alex/Documents/Workspaces/alanshaw/it-tar/test/slow.spec.ts": {"path":"/Users/alex/Documents/Workspaces/alanshaw/it-tar/test/slow.spec.ts","all":false,"statementMap":{"0":{"start":{"line":1,"column":0},"end":{"line":1,"column":44}},"1":{"start":{"line":2,"column":0},"end":{"line":2,"column":38}},"2":{"start":{"line":3,"column":0},"end":{"line":3,"column":47}},"3":{"start":{"line":4,"column":0},"end":{"line":4,"column":23}},"4":{"start":{"line":5,"column":0},"end":{"line":5,"column":19}},"5":{"start":{"line":6,"column":0},"end":{"line":6,"column":28}},"6":{"start":{"line":7,"column":0},"end":{"line":7,"column":37}},"7":{"start":{"line":8,"column":0},"end":{"line":8,"column":30}},"8":{"start":{"line":9,"column":0},"end":{"line":9,"column":0}},"9":{"start":{"line":10,"column":0},"end":{"line":10,"column":24}},"10":{"start":{"line":11,"column":0},"end":{"line":11,"column":46}},"11":{"start":{"line":12,"column":0},"end":{"line":12,"column":25}},"12":{"start":{"line":13,"column":0},"end":{"line":13,"column":45}},"13":{"start":{"line":14,"column":0},"end":{"line":14,"column":22}},"14":{"start":{"line":15,"column":0},"end":{"line":15,"column":0}},"15":{"start":{"line":16,"column":0},"end":{"line":16,"column":15}},"16":{"start":{"line":17,"column":0},"end":{"line":17,"column":41}},"17":{"start":{"line":18,"column":0},"end":{"line":18,"column":48}},"18":{"start":{"line":19,"column":0},"end":{"line":19,"column":20}},"19":{"start":{"line":20,"column":0},"end":{"line":20,"column":23}},"20":{"start":{"line":21,"column":0},"end":{"line":21,"column":43}},"21":{"start":{"line":22,"column":0},"end":{"line":22,"column":46}},"22":{"start":{"line":23,"column":0},"end":{"line":23,"column":24}},"23":{"start":{"line":24,"column":0},"end":{"line":24,"column":24}},"24":{"start":{"line":25,"column":0},"end":{"line":25,"column":20}},"25":{"start":{"line":26,"column":0},"end":{"line":26,"column":27}},"26":{"start":{"line":27,"column":0},"end":{"line":27,"column":32}},"27":{"start":{"line":28,"column":0},"end":{"line":28,"column":22}},"28":{"start":{"line":29,"column":0},"end":{"line":29,"column":43}},"29":{"start":{"line":30,"column":0},"end":{"line":30,"column":29}},"30":{"start":{"line":31,"column":0},"end":{"line":31,"column":18}},"31":{"start":{"line":32,"column":0},"end":{"line":32,"column":54}},"32":{"start":{"line":33,"column":0},"end":{"line":33,"column":39}},"33":{"start":{"line":34,"column":0},"end":{"line":34,"column":39}},"34":{"start":{"line":35,"column":0},"end":{"line":35,"column":34}},"35":{"start":{"line":36,"column":0},"end":{"line":36,"column":34}},"36":{"start":{"line":37,"column":0},"end":{"line":37,"column":34}},"37":{"start":{"line":38,"column":0},"end":{"line":38,"column":43}},"38":{"start":{"line":39,"column":0},"end":{"line":39,"column":14}},"39":{"start":{"line":40,"column":0},"end":{"line":40,"column":31}},"40":{"start":{"line":41,"column":0},"end":{"line":41,"column":25}},"41":{"start":{"line":42,"column":0},"end":{"line":42,"column":21}},"42":{"start":{"line":43,"column":0},"end":{"line":43,"column":26}},"43":{"start":{"line":44,"column":0},"end":{"line":44,"column":12}},"44":{"start":{"line":45,"column":0},"end":{"line":45,"column":0}},"45":{"start":{"line":46,"column":0},"end":{"line":46,"column":49}},"46":{"start":{"line":47,"column":0},"end":{"line":47,"column":38}},"47":{"start":{"line":48,"column":0},"end":{"line":48,"column":11}},"48":{"start":{"line":49,"column":0},"end":{"line":49,"column":0}},"49":{"start":{"line":50,"column":0},"end":{"line":50,"column":26}},"50":{"start":{"line":51,"column":0},"end":{"line":51,"column":9}},"51":{"start":{"line":52,"column":0},"end":{"line":52,"column":7}},"52":{"start":{"line":53,"column":0},"end":{"line":53,"column":5}},"53":{"start":{"line":54,"column":0},"end":{"line":54,"column":0}},"54":{"start":{"line":55,"column":0},"end":{"line":55,"column":34}},"55":{"start":{"line":56,"column":0},"end":{"line":56,"column":45}},"56":{"start":{"line":57,"column":0},"end":{"line":57,"column":4}},"57":{"start":{"line":58,"column":0},"end":{"line":58,"column":2}}},"s":{"0":1,"1":1,"2":1,"3":1,"4":1,"5":1,"6":1,"7":1,"8":1,"9":1,"10":1,"11":1,"12":1,"13":1,"14":1,"15":1,"16":1,"17":1,"18":1,"19":1,"20":1,"21":1,"22":1,"23":1,"24":1,"25":1,"26":1,"27":1,"28":1,"29":1,"30":1,"31":1,"32":1,"33":1,"34":1,"35":1,"36":1,"37":1,"38":1,"39":1,"40":1,"41":1,"42":1,"43":1,"44":1,"45":1,"46":537523,"47":537523,"48":1,"49":1,"50":1,"51":1,"52":1,"53":1,"54":1,"55":1,"56":1,"57":1},"branchMap":{"0":{"type":"branch","line":10,"loc":{"start":{"line":10,"column":17},"end":{"line":58,"column":2}},"locations":[{"start":{"line":10,"column":17},"end":{"line":58,"column":2}}]},"1":{"type":"branch","line":11,"loc":{"start":{"line":11,"column":33},"end":{"line":57,"column":3}},"locations":[{"start":{"line":11,"column":33},"end":{"line":57,"column":3}}]},"2":{"type":"branch","line":20,"loc":{"start":{"line":20,"column":6},"end":{"line":52,"column":7}},"locations":[{"start":{"line":20,"column":6},"end":{"line":52,"column":7}}]},"3":{"type":"branch","line":46,"loc":{"start":{"line":46,"column":48},"end":{"line":48,"column":11}},"locations":[{"start":{"line":46,"column":48},"end":{"line":48,"column":11}}]}},"b":{"0":[1],"1":[1],"2":[1],"3":[537523]},"fnMap":{},"f":{}}
,"/Users/alex/Documents/Workspaces/alanshaw/it-tar/test/fixtures/index.ts": {"path":"/Users/alex/Documents/Workspaces/alanshaw/it-tar/test/fixtures/index.ts","all":false,"statementMap":{"0":{"start":{"line":1,"column":0},"end":{"line":1,"column":23}},"1":{"start":{"line":2,"column":0},"end":{"line":2,"column":35}},"2":{"start":{"line":3,"column":0},"end":{"line":3,"column":0}},"3":{"start":{"line":4,"column":0},"end":{"line":4,"column":60}},"4":{"start":{"line":5,"column":0},"end":{"line":5,"column":0}},"5":{"start":{"line":6,"column":0},"end":{"line":6,"column":62}},"6":{"start":{"line":7,"column":0},"end":{"line":7,"column":66}},"7":{"start":{"line":8,"column":0},"end":{"line":8,"column":52}},"8":{"start":{"line":9,"column":0},"end":{"line":9,"column":56}},"9":{"start":{"line":10,"column":0},"end":{"line":10,"column":64}},"10":{"start":{"line":11,"column":0},"end":{"line":11,"column":68}},"11":{"start":{"line":12,"column":0},"end":{"line":12,"column":60}},"12":{"start":{"line":13,"column":0},"end":{"line":13,"column":68}},"13":{"start":{"line":14,"column":0},"end":{"line":14,"column":60}},"14":{"start":{"line":15,"column":0},"end":{"line":15,"column":59}},"15":{"start":{"line":16,"column":0},"end":{"line":16,"column":68}},"16":{"start":{"line":17,"column":0},"end":{"line":17,"column":74}},"17":{"start":{"line":18,"column":0},"end":{"line":18,"column":68}},"18":{"start":{"line":19,"column":0},"end":{"line":19,"column":68}},"19":{"start":{"line":20,"column":0},"end":{"line":20,"column":53}},"20":{"start":{"line":21,"column":0},"end":{"line":21,"column":58}},"21":{"start":{"line":22,"column":0},"end":{"line":22,"column":66}},"22":{"start":{"line":23,"column":0},"end":{"line":23,"column":117}},"23":{"start":{"line":24,"column":0},"end":{"line":24,"column":52}},"24":{"start":{"line":25,"column":0},"end":{"line":25,"column":120}},"25":{"start":{"line":26,"column":0},"end":{"line":26,"column":76}},"26":{"start":{"line":27,"column":0},"end":{"line":27,"column":60}},"27":{"start":{"line":28,"column":0},"end":{"line":28,"column":50}}},"s":{"0":1,"1":1,"2":1,"3":1,"4":1,"5":1,"6":1,"7":1,"8":1,"9":1,"10":1,"11":1,"12":1,"13":1,"14":1,"15":1,"16":1,"17":1,"18":1,"19":1,"20":1,"21":1,"22":1,"23":1,"24":1,"25":1,"26":1,"27":1},"branchMap":{},"b":{},"fnMap":{},"f":{}}
}
